This is XeTeX, Version 3.14159265-2.6-0.99991 (TeX Live 2014) (preloaded format=xelatex 2015.2.13)  7 APR 2015 16:12
entering extended mode
 restricted \write18 enabled.
 %&-line parsing enabled.
**beispiel.tex
(./beispiel.tex
LaTeX2e <2014/05/01>
Babel <3.9l> and hyphenation patterns for 79 languages loaded.
(./bewerbung.cls
Document Class: bewerbung 2015/03/20 demo test class
(/usr/local/texlive/2013/texmf-dist/tex/latex/koma-script/scrartcl.cls
Document Class: scrartcl 2015/04/02 v3.17.2062 KOMA-Script document class (arti
cle)
(/usr/local/texlive/2013/texmf-dist/tex/latex/koma-script/scrkbase.sty
Package: scrkbase 2015/04/02 v3.17.2062 KOMA-Script package (KOMA-Script-depend
ent basics and keyval usage)

(/usr/local/texlive/2013/texmf-dist/tex/latex/koma-script/scrbase.sty
Package: scrbase 2015/04/02 v3.17.2062 KOMA-Script package (KOMA-Script-indepen
dent basics and keyval usage)

(/usr/local/texlive/2013/texmf-dist/tex/latex/graphics/keyval.sty
Package: keyval 2014/10/28 v1.15 key=value parser (DPC)
\KV@toks@=\toks14
)
(/usr/local/texlive/2013/texmf-dist/tex/latex/koma-script/scrlfile.sty
Package: scrlfile 2015/04/02 v3.17.2062 KOMA-Script package (loading files)

Package scrlfile, 2015/04/02 v3.17.2062 KOMA-Script package (loading files)
                  Copyright (C) Markus Kohm

))) (/usr/local/texlive/2013/texmf-dist/tex/latex/koma-script/tocbasic.sty
Package: tocbasic 2015/04/02 v3.17.2062 KOMA-Script package (handling toc-files
)
)
Package tocbasic Info: omitting babel extension for `toc'
(tocbasic)             because of feature `nobabel' available
(tocbasic)             for `toc' on input line 122.
Package tocbasic Info: omitting babel extension for `lof'
(tocbasic)             because of feature `nobabel' available
(tocbasic)             for `lof' on input line 123.
Package tocbasic Info: omitting babel extension for `lot'
(tocbasic)             because of feature `nobabel' available
(tocbasic)             for `lot' on input line 124.
Class scrartcl Info: File `scrsize11pt.clo' used instead of
(scrartcl)           file `scrsize11.clo' to setup font sizes on input line 194
1.

(/usr/local/texlive/2013/texmf-dist/tex/latex/koma-script/scrsize11pt.clo
File: scrsize11pt.clo 2015/04/02 v3.17.2062 KOMA-Script font size class option 
(11pt)
)
(/usr/local/texlive/2013/texmf-dist/tex/latex/koma-script/typearea.sty
Package: typearea 2015/04/02 v3.17.2062 KOMA-Script package (type area)

Package typearea, 2015/04/02 v3.17.2062 KOMA-Script package (type area)
                  Copyright (C) Frank Neukam, 1992-1994
                  Copyright (C) Markus Kohm, 1994-

\ta@bcor=\skip41
\ta@div=\count80
\ta@hblk=\skip42
\ta@vblk=\skip43
\ta@temp=\skip44
\footheight=\skip45
Package typearea Info: These are the values describing the layout:
(typearea)             DIV  = 10
(typearea)             BCOR = 0.0pt
(typearea)             \paperwidth      = 597.50793pt
(typearea)              \textwidth      = 418.25555pt
(typearea)              DIV departure   = -6%
(typearea)              \evensidemargin = 17.3562pt
(typearea)              \oddsidemargin  = 17.3562pt
(typearea)             \paperheight     = 845.04694pt
(typearea)              \textheight     = 595.80026pt
(typearea)              \topmargin      = -25.16531pt
(typearea)              \headheight     = 17.0pt
(typearea)              \headsep        = 20.40001pt
(typearea)              \topskip        = 11.0pt
(typearea)              \footskip       = 47.6pt
(typearea)              \baselineskip   = 13.6pt
(typearea)              on input line 1491.
)
\c@part=\count81
\c@section=\count82
\c@subsection=\count83
\c@subsubsection=\count84
\c@paragraph=\count85
\c@subparagraph=\count86
\abovecaptionskip=\skip46
\belowcaptionskip=\skip47
\c@pti@nb@sid@b@x=\box26
\c@figure=\count87
\c@table=\count88
\bibindent=\dimen102
) (/usr/local/texlive/2013/texmf-dist/tex/generic/ifxetex/ifxetex.sty
Package: ifxetex 2010/09/12 v0.6 Provides ifxetex conditional
)
(/usr/local/texlive/2013/texmf-dist/tex/generic/oberdiek/ifluatex.sty
Package: ifluatex 2010/03/01 v1.3 Provides the ifluatex switch (HO)
Package ifluatex Info: LuaTeX not detected.
)
(/usr/local/texlive/2013/texmf-dist/tex/latex/xcolor/xcolor.sty
Package: xcolor 2007/01/21 v2.11 LaTeX color extensions (UK)

(/usr/local/texlive/2013/texmf-dist/tex/latex/latexconfig/color.cfg
File: color.cfg 2007/01/18 v1.5 color configuration of teTeX/TeXLive
)
Package xcolor Info: Driver file: xetex.def on input line 225.

(/usr/local/texlive/2013/texmf-dist/tex/xelatex/xetex-def/xetex.def
File: xetex.def 2015/03/25 v4.04 LaTeX color/graphics driver for XeTeX (TeX Liv
e/RRM/JK)
)
Package xcolor Info: Model `cmy' substituted by `cmy0' on input line 1337.
Package xcolor Info: Model `RGB' extended on input line 1353.
Package xcolor Info: Model `HTML' substituted by `rgb' on input line 1355.
Package xcolor Info: Model `Hsb' substituted by `hsb' on input line 1356.
Package xcolor Info: Model `tHsb' substituted by `hsb' on input line 1357.
Package xcolor Info: Model `HSB' substituted by `hsb' on input line 1358.
Package xcolor Info: Model `Gray' substituted by `gray' on input line 1359.
Package xcolor Info: Model `wave' substituted by `hsb' on input line 1360.

(/usr/local/texlive/2013/texmf-dist/tex/latex/xcolor/x11nam.def
File: x11nam.def 2007/01/21 v2.11 Predefined colors according to Unix/X11 (UK)
))
(/usr/local/texlive/2013/texmf-dist/tex/latex/l3packages/xparse/xparse.sty
(/usr/local/texlive/2013/texmf-dist/tex/latex/l3kernel/expl3.sty
Package: expl3 2015/03/01 v5547 L3 programming layer (loader) 

(/usr/local/texlive/2013/texmf-dist/tex/latex/l3kernel/expl3-code.tex
Package: expl3 2015/03/01 v5547 L3 programming layer (code) 
L3 Module: l3bootstrap 2015/02/28 v5542 L3 Bootstrap code

(/usr/local/texlive/2013/texmf-dist/tex/latex/etex-pkg/etex.sty
Package: etex 2015/03/02 v2.1 eTeX basic definition package (PEB,DPC)
\et@xins=\count89
)
L3 Module: l3names 2015/02/24 v5535 L3 Namespace for primitives
L3 Module: l3basics 2015/01/27 v5500 L3 Basic definitions
L3 Module: l3expan 2014/11/27 v5472 L3 Argument expansion
L3 Module: l3tl 2015/01/27 v5500 L3 Token lists
L3 Module: l3str 2015/03/01 v5545 L3 Strings
L3 Module: l3seq 2014/08/23 v5354 L3 Sequences and stacks
L3 Module: l3int 2015/02/21 v5529 L3 Integers
\c_max_int=\count90
\l_tmpa_int=\count91
\l_tmpb_int=\count92
\g_tmpa_int=\count93
\g_tmpb_int=\count94
L3 Module: l3quark 2014/08/23 v5354 L3 Quarks
L3 Module: l3prg 2014/08/23 v5354 L3 Control structures
\g__prg_map_int=\count95
L3 Module: l3clist 2014/08/23 v5354 L3 Comma separated lists
L3 Module: l3token 2014/09/15 v5422 L3 Experimental token manipulation
L3 Module: l3prop 2014/08/23 v5354 L3 Property lists
L3 Module: l3msg 2015/02/26 v5537 L3 Messages
L3 Module: l3file 2014/08/24 v5369 L3 File and I/O operations
\l_iow_line_count_int=\count96
\l__iow_target_count_int=\count97
\l__iow_current_line_int=\count98
\l__iow_current_word_int=\count99
\l__iow_current_indentation_int=\count100
L3 Module: l3skip 2014/08/23 v5354 L3 Dimensions and skips
\c_zero_dim=\dimen103
\c_max_dim=\dimen104
\l_tmpa_dim=\dimen105
\l_tmpb_dim=\dimen106
\g_tmpa_dim=\dimen107
\g_tmpb_dim=\dimen108
\c_zero_skip=\skip48
\c_max_skip=\skip49
\l_tmpa_skip=\skip50
\l_tmpb_skip=\skip51
\g_tmpa_skip=\skip52
\g_tmpb_skip=\skip53
\c_zero_muskip=\muskip10
\c_max_muskip=\muskip11
\l_tmpa_muskip=\muskip12
\l_tmpb_muskip=\muskip13
\g_tmpa_muskip=\muskip14
\g_tmpb_muskip=\muskip15
L3 Module: l3keys 2015/01/27 v5500 L3 Key-value interfaces
\g__keyval_level_int=\count101
\l_keys_choice_int=\count102
L3 Module: l3fp 2014/08/22 v5336 L3 Floating points
\c__fp_leading_shift_int=\count103
\c__fp_middle_shift_int=\count104
\c__fp_trailing_shift_int=\count105
\c__fp_big_leading_shift_int=\count106
\c__fp_big_middle_shift_int=\count107
\c__fp_big_trailing_shift_int=\count108
\c__fp_Bigg_leading_shift_int=\count109
\c__fp_Bigg_middle_shift_int=\count110
\c__fp_Bigg_trailing_shift_int=\count111
L3 Module: l3box 2014/08/23 v5354 L3 Experimental boxes
\c_empty_box=\box27
\l_tmpa_box=\box28
\l_tmpb_box=\box29
\g_tmpa_box=\box30
\g_tmpb_box=\box31
L3 Module: l3coffins 2014/08/23 v5354 L3 Coffin code layer
\l__coffin_internal_box=\box32
\l__coffin_internal_dim=\dimen109
\l__coffin_offset_x_dim=\dimen110
\l__coffin_offset_y_dim=\dimen111
\l__coffin_x_dim=\dimen112
\l__coffin_y_dim=\dimen113
\l__coffin_x_prime_dim=\dimen114
\l__coffin_y_prime_dim=\dimen115
\c_empty_coffin=\box33
\l__coffin_aligned_coffin=\box34
\l__coffin_aligned_internal_coffin=\box35
\l_tmpa_coffin=\box36
\l_tmpb_coffin=\box37
\l__coffin_display_coffin=\box38
\l__coffin_display_coord_coffin=\box39
\l__coffin_display_pole_coffin=\box40
\l__coffin_display_offset_dim=\dimen116
\l__coffin_display_x_dim=\dimen117
\l__coffin_display_y_dim=\dimen118
L3 Module: l3color 2014/08/23 v5354 L3 Experimental color support
L3 Module: l3candidates 2015/03/01 v5544 L3 Experimental additions to l3kernel
\l__box_top_dim=\dimen119
\l__box_bottom_dim=\dimen120
\l__box_left_dim=\dimen121
\l__box_right_dim=\dimen122
\l__box_top_new_dim=\dimen123
\l__box_bottom_new_dim=\dimen124
\l__box_left_new_dim=\dimen125
\l__box_right_new_dim=\dimen126
\l__box_internal_box=\box41
\l__coffin_bounding_shift_dim=\dimen127
\l__coffin_left_corner_dim=\dimen128
\l__coffin_right_corner_dim=\dimen129
\l__coffin_bottom_corner_dim=\dimen130
\l__coffin_top_corner_dim=\dimen131
\l__coffin_scaled_total_height_dim=\dimen132
\l__coffin_scaled_width_dim=\dimen133
)
(/usr/local/texlive/2013/texmf-dist/tex/latex/l3kernel/l3unicode-data.def
File: l3unicode-data.def 2015/03/01 v5544 L3 Unicode data
)
(/usr/local/texlive/2013/texmf-dist/tex/latex/l3kernel/l3xdvipdfmx.def
File: l3xdvidpfmx.def 2015/03/01 v5544 L3 Experimental driver: xdvipdfmx
))
Package: xparse 2014/11/25 v5471 L3 Experimental document command parser
\l__xparse_current_arg_int=\count112
\l__xparse_m_args_int=\count113
\l__xparse_mandatory_args_int=\count114
\l__xparse_processor_int=\count115
\l__xparse_v_nesting_int=\count116
)
(/usr/local/texlive/2013/texmf-dist/tex/latex/tools/array.sty
Package: array 2014/10/28 v2.4c Tabular extension package (FMi)
\col@sep=\dimen134
\extrarowheight=\dimen135
\NC@list=\toks15
\extratabsurround=\skip54
\backup@length=\skip55
)
(/usr/local/texlive/2013/texmf-dist/tex/latex/enumitem/enumitem.sty
Package: enumitem 2011/09/28 v3.5.2 Customized lists
\labelindent=\skip56
\enit@outerparindent=\dimen136
\enit@toks=\toks16
\enit@inbox=\box42
\enitdp@description=\count117
)
(/usr/local/texlive/2013/texmf-dist/tex/latex/fontspec/fontspec.sty
Package: fontspec 2015/03/14 v2.4c Font selection for XeLaTeX and LuaLaTeX
\l_fontspec_script_int=\count118
\l_fontspec_language_int=\count119
\l_fontspec_strnum_int=\count120
\l__fontspec_tmpa_dim=\dimen137
\l__fontspec_tmpb_dim=\dimen138
\l__fontspec_tmpc_dim=\dimen139
Variant \tl_gset:cV already defined; not changing it on line 71

(/usr/local/texlive/2013/texmf-dist/tex/latex/fontspec/fontspec-patches.sty
Package: fontspec-patches 2015/03/14 v2.4c Font selection for XeLaTeX and LuaLa
TeX
LaTeX Info: Redefining \em on input line 49.
LaTeX Info: Redefining \emph on input line 57.
LaTeX Info: Redefining \- on input line 60.
.................................................
. LaTeX info: "xparse/redefine-command"
. 
. Redefining command \oldstylenums with sig. 'm' on line 155.
.................................................
.................................................
. LaTeX info: "xparse/define-command"
. 
. Defining command \liningnums with sig. 'm' on line 159.
.................................................
)
(/usr/local/texlive/2013/texmf-dist/tex/latex/fontspec/fontspec-xetex.sty
Package: fontspec-xetex 2015/03/14 v2.4c Font selection for XeLaTeX and LuaLaTe
X

(/usr/local/texlive/2013/texmf-dist/tex/latex/base/fontenc.sty
Package: fontenc 2005/09/27 v1.99g Standard LaTeX package

(/usr/local/texlive/2013/texmf-dist/tex/latex/euenc/eu1enc.def
File: eu1enc.def 2010/05/27 v0.1h Experimental Unicode font encodings
)
LaTeX Font Info:    Try loading font information for EU1+lmr on input line 100.


(/usr/local/texlive/2013/texmf-dist/tex/latex/euenc/eu1lmr.fd
File: eu1lmr.fd 2009/10/30 v1.6 Font defs for Latin Modern
))
(/usr/local/texlive/2013/texmf-dist/tex/xelatex/xunicode/xunicode.sty
File: xunicode.sty 2011/09/09 v0.981 provides access to latin accents and many 
other characters in Unicode lower plane

(/usr/local/texlive/2013/texmf-dist/tex/latex/tipa/t3enc.def
File: t3enc.def 2001/12/31 T3 encoding
LaTeX Font Info:    Try loading font information for EU1+lmss on input line 357
.

(/usr/local/texlive/2013/texmf-dist/tex/latex/euenc/eu1lmss.fd
File: eu1lmss.fd 2009/10/30 v1.6 Font defs for Latin Modern
))
\tipaTiiicode=\count121
\tipasavetokens=\toks17
\tipachecktokens=\toks18

(/usr/local/texlive/2013/texmf-dist/tex/latex/graphics/graphicx.sty
Package: graphicx 2014/10/28 v1.0g Enhanced LaTeX Graphics (DPC,SPQR)

(/usr/local/texlive/2013/texmf-dist/tex/latex/graphics/graphics.sty
Package: graphics 2014/10/28 v1.0p Standard LaTeX Graphics (DPC,SPQR)

(/usr/local/texlive/2013/texmf-dist/tex/latex/graphics/trig.sty
Package: trig 1999/03/16 v1.09 sin cos tan (DPC)
)
(/usr/local/texlive/2013/texmf-dist/tex/latex/latexconfig/graphics.cfg
File: graphics.cfg 2010/04/23 v1.9 graphics configuration of TeX Live
)
Package graphics Info: Driver file: xetex.def on input line 91.
)
\Gin@req@height=\dimen140
\Gin@req@width=\dimen141
))
.................................................
. LaTeX info: "xparse/define-command"
. 
. Defining command \__fontspec_post_arg:w with sig. 'mmO{}' on line 42.
.................................................
.................................................
. LaTeX info: "xparse/define-command"
. 
. Defining command \fontspec with sig. 'om' on line 44.
.................................................
.................................................
. LaTeX info: "xparse/define-command"
. 
. Defining command \setmainfont with sig. 'om' on line 54.
.................................................
.................................................
. LaTeX info: "xparse/define-command"
. 
. Defining command \setsansfont with sig. 'om' on line 64.
.................................................
.................................................
. LaTeX info: "xparse/define-command"
. 
. Defining command \setmonofont with sig. 'om' on line 74.
.................................................
.................................................
. LaTeX info: "xparse/define-command"
. 
. Defining command \setmathrm with sig. 'om' on line 88.
.................................................
.................................................
. LaTeX info: "xparse/define-command"
. 
. Defining command \setboldmathrm with sig. 'om' on line 96.
.................................................
.................................................
. LaTeX info: "xparse/define-command"
. 
. Defining command \setmathsf with sig. 'om' on line 104.
.................................................
.................................................
. LaTeX info: "xparse/define-command"
. 
. Defining command \setmathtt with sig. 'om' on line 112.
.................................................
.................................................
. LaTeX info: "xparse/define-command"
. 
. Defining command \newfontfamily with sig. 'mom' on line 126.
.................................................
.................................................
. LaTeX info: "xparse/define-command"
. 
. Defining command \newfontface with sig. 'mom' on line 141.
.................................................
.................................................
. LaTeX info: "xparse/define-command"
. 
. Defining command \defaultfontfeatures with sig. 't+om' on line 155.
.................................................
.................................................
. LaTeX info: "xparse/define-command"
. 
. Defining command \addfontfeatures with sig. 'm' on line 210.
.................................................
.................................................
. LaTeX info: "xparse/define-command"
. 
. Defining command \newfontfeature with sig. 'mm' on line 221.
.................................................
.................................................
. LaTeX info: "xparse/define-command"
. 
. Defining command \newAATfeature with sig. 'mmmm' on line 229.
.................................................
.................................................
. LaTeX info: "xparse/define-command"
. 
. Defining command \newopentypefeature with sig. 'mmm' on line 237.
.................................................
.................................................
. LaTeX info: "xparse/define-command"
. 
. Defining command \aliasfontfeature with sig. 'mm' on line 261.
.................................................
.................................................
. LaTeX info: "xparse/define-command"
. 
. Defining command \aliasfontfeatureoption with sig. 'mmm' on line 270.
.................................................
.................................................
. LaTeX info: "xparse/define-command"
. 
. Defining command \newfontscript with sig. 'mm' on line 275.
.................................................
.................................................
. LaTeX info: "xparse/define-command"
. 
. Defining command \newfontlanguage with sig. 'mm' on line 301.
.................................................
.................................................
. LaTeX info: "xparse/define-command"
. 
. Defining command \DeclareFontsExtensions with sig. 'm' on line 321.
.................................................
Variant \prop_gput:cnV already defined; not changing it on line 704
Variant \prop_gput:cnx already defined; not changing it on line 705
\l__fontspec_tmp_int=\count122
LaTeX Info: Redefining \itshape on input line 2232.
LaTeX Info: Redefining \slshape on input line 2237.
LaTeX Info: Redefining \scshape on input line 2242.
LaTeX Info: Redefining \upshape on input line 2247.

(/usr/local/texlive/2013/texmf-dist/tex/latex/fontspec/fontspec.cfg)))
(/usr/local/texlive/2013/texmf-dist/tex/latex/biblatex/biblatex.sty
Package: biblatex 2014/06/25 v2.9a programmable bibliographies (PK/JW/AB)

(/usr/local/texlive/2013/texmf-dist/tex/latex/biblatex/biblatex2.sty
Package: biblatex2 2014/06/25 v2.9a programmable bibliographies (biber) (PK/JW/
AB)

(/usr/local/texlive/2013/texmf-dist/tex/latex/etoolbox/etoolbox.sty
Package: etoolbox 2015/03/19 v2.1d e-TeX tools for LaTeX (JAW)
\etb@tempcnta=\count123
)
(/usr/local/texlive/2013/texmf-dist/tex/latex/oberdiek/kvoptions.sty
Package: kvoptions 2011/06/30 v3.11 Key value format for package options (HO)

(/usr/local/texlive/2013/texmf-dist/tex/generic/oberdiek/ltxcmds.sty
Package: ltxcmds 2011/11/09 v1.22 LaTeX kernel commands for general use (HO)
)
(/usr/local/texlive/2013/texmf-dist/tex/generic/oberdiek/kvsetkeys.sty
Package: kvsetkeys 2012/04/25 v1.16 Key value parser (HO)

(/usr/local/texlive/2013/texmf-dist/tex/generic/oberdiek/infwarerr.sty
Package: infwarerr 2010/04/08 v1.3 Providing info/warning/error messages (HO)
)
(/usr/local/texlive/2013/texmf-dist/tex/generic/oberdiek/etexcmds.sty
Package: etexcmds 2011/02/16 v1.5 Avoid name clashes with e-TeX commands (HO)
Package etexcmds Info: Could not find \expanded.
(etexcmds)             That can mean that you are not using pdfTeX 1.50 or
(etexcmds)             that some package has redefined \expanded.
(etexcmds)             In the latter case, load this package earlier.
)))
(/usr/local/texlive/2013/texmf-dist/tex/latex/logreq/logreq.sty
Package: logreq 2010/08/04 v1.0 xml request logger
\lrq@indent=\count124

(/usr/local/texlive/2013/texmf-dist/tex/latex/logreq/logreq.def
File: logreq.def 2010/08/04 v1.0 logreq spec v1.0
))
(/usr/local/texlive/2013/texmf-dist/tex/latex/base/ifthen.sty
Package: ifthen 2014/09/29 v1.1c Standard LaTeX ifthen package (DPC)
)
(/usr/local/texlive/2013/texmf-dist/tex/latex/url/url.sty
\Urlmuskip=\muskip16
Package: url 2013/09/16  ver 3.4  Verb mode for urls, etc.
)
\c@tabx@nest=\count125
\c@listtotal=\count126
\c@listcount=\count127
\c@liststart=\count128
\c@liststop=\count129
\c@citecount=\count130
\c@citetotal=\count131
\c@multicitecount=\count132
\c@multicitetotal=\count133
\c@instcount=\count134
\c@maxnames=\count135
\c@minnames=\count136
\c@maxitems=\count137
\c@minitems=\count138
\c@citecounter=\count139
\c@savedcitecounter=\count140
\c@uniquelist=\count141
\c@uniquename=\count142
\c@refsection=\count143
\c@refsegment=\count144
\c@maxextratitle=\count145
\c@maxextratitleyear=\count146
\c@maxextrayear=\count147
\c@maxextraalpha=\count148
\c@abbrvpenalty=\count149
\c@highnamepenalty=\count150
\c@lownamepenalty=\count151
\c@maxparens=\count152
\c@parenlevel=\count153
\blx@tempcnta=\count154
\blx@tempcntb=\count155
\blx@tempcntc=\count156
\blx@maxsection=\count157
\blx@maxsegment@0=\count158
\blx@notetype=\count159
\blx@parenlevel@text=\count160
\blx@parenlevel@foot=\count161
\blx@sectionciteorder@0=\count162
\labelnumberwidth=\skip57
\labelalphawidth=\skip58
\biblabelsep=\skip59
\bibitemsep=\skip60
\bibnamesep=\skip61
\bibinitsep=\skip62
\bibparsep=\skip63
\bibhang=\skip64
\blx@bcfin=\read1
\blx@bcfout=\write3
\c@mincomprange=\count163
\c@maxcomprange=\count164
\c@mincompwidth=\count165
Package biblatex Info: Trying to load biblatex default data model...
Package biblatex Info: ... file 'blx-dm.def' found.

(/usr/local/texlive/2013/texmf-dist/tex/latex/biblatex/blx-dm.def)
Package biblatex Info: Trying to load biblatex style data model...
Package biblatex Info: ... file 'alphabetic.dbx' not found.
Package biblatex Info: Trying to load biblatex custom data model...
Package biblatex Info: ... file 'biblatex-dm.cfg' not found.
\c@afterword=\count166
\c@savedafterword=\count167
\c@annotator=\count168
\c@savedannotator=\count169
\c@author=\count170
\c@savedauthor=\count171
\c@bookauthor=\count172
\c@savedbookauthor=\count173
\c@commentator=\count174
\c@savedcommentator=\count175
\c@editor=\count176
\c@savededitor=\count177
\c@editora=\count178
\c@savededitora=\count179
\c@editorb=\count180
\c@savededitorb=\count181
\c@editorc=\count182
\c@savededitorc=\count183
\c@foreword=\count184
\c@savedforeword=\count185
\c@holder=\count186
\c@savedholder=\count187
\c@introduction=\count188
\c@savedintroduction=\count189
\c@namea=\count190
\c@savednamea=\count191
\c@nameb=\count192
\c@savednameb=\count193
\c@namec=\count194
\c@savednamec=\count195
\c@translator=\count196
\c@savedtranslator=\count197
\c@shortauthor=\count198
\c@savedshortauthor=\count199
\c@shorteditor=\count200
\c@savedshorteditor=\count201
Normal \count register pool exhausted, switching to extended pool.
\c@labelname=\count277
\c@savedlabelname=\count278
\c@institution=\count279
\c@savedinstitution=\count280
\c@lista=\count281
\c@savedlista=\count282
\c@listb=\count283
\c@savedlistb=\count284
\c@listc=\count285
\c@savedlistc=\count286
\c@listd=\count287
\c@savedlistd=\count288
\c@liste=\count289
\c@savedliste=\count290
\c@listf=\count291
\c@savedlistf=\count292
\c@location=\count293
\c@savedlocation=\count294
\c@organization=\count295
\c@savedorganization=\count296
\c@origlocation=\count297
\c@savedoriglocation=\count298
\c@origpublisher=\count299
\c@savedorigpublisher=\count300
\c@publisher=\count301
\c@savedpublisher=\count302
\c@language=\count303
\c@savedlanguage=\count304
\c@pageref=\count305
\c@savedpageref=\count306
\shorthandwidth=\skip65
\shortjournalwidth=\skip66
\shortserieswidth=\skip67
\shorttitlewidth=\skip68
\shortauthorwidth=\skip69
\shorteditorwidth=\skip70
Package biblatex Info: Trying to load compatibility code...
Package biblatex Info: ... file 'blx-compat.def' found.

(/usr/local/texlive/2013/texmf-dist/tex/latex/biblatex/blx-compat.def
File: blx-compat.def 2014/06/25 v2.9a biblatex compatibility (PK/JW/AB)
)
Package biblatex Info: Trying to load generic definitions...
Package biblatex Info: ... file 'biblatex.def' found.

(/usr/local/texlive/2013/texmf-dist/tex/latex/biblatex/biblatex.def
File: biblatex.def 
\c@textcitecount=\count307
\c@textcitetotal=\count308
\c@textcitemaxnames=\count309
\c@biburlnumpenalty=\count310
\c@biburlucpenalty=\count311
\c@biburllcpenalty=\count312
\c@smartand=\count313
)
Package biblatex Info: Trying to load bibliography style 'alphabetic'...
Package biblatex Info: ... file 'alphabetic.bbx' found.

(/usr/local/texlive/2013/texmf-dist/tex/latex/biblatex/bbx/alphabetic.bbx
File: alphabetic.bbx 2014/06/25 v2.9a biblatex bibliography style (PK/JW/AB)
Package biblatex Info: Trying to load bibliography style 'standard'...
Package biblatex Info: ... file 'standard.bbx' found.

(/usr/local/texlive/2013/texmf-dist/tex/latex/biblatex/bbx/standard.bbx
File: standard.bbx 2014/06/25 v2.9a biblatex bibliography style (PK/JW/AB)
\c@bbx:relatedcount=\count314
\c@bbx:relatedtotal=\count315
))
Package biblatex Info: Trying to load citation style 'alphabetic'...
Package biblatex Info: ... file 'alphabetic.cbx' found.

(/usr/local/texlive/2013/texmf-dist/tex/latex/biblatex/cbx/alphabetic.cbx
File: alphabetic.cbx 2014/06/25 v2.9a biblatex citation style (PK/JW/AB)
Package biblatex Info: Redefining '\cite'.
Package biblatex Info: Redefining '\parencite'.
Package biblatex Info: Redefining '\footcite'.
Package biblatex Info: Redefining '\footcitetext'.
Package biblatex Info: Redefining '\smartcite'.
Package biblatex Info: Redefining '\textcite'.
Package biblatex Info: Redefining '\textcites'.
Package biblatex Info: Redefining '\cites'.
Package biblatex Info: Redefining '\parencites'.
Package biblatex Info: Redefining '\smartcites'.
)
Package biblatex Info: Trying to load configuration file...
Package biblatex Info: ... file 'biblatex.cfg' found.

(/usr/local/texlive/2013/texmf-dist/tex/latex/biblatex/biblatex.cfg
File: biblatex.cfg 
)))
(/usr/local/texlive/2013/texmf-dist/tex/latex/fontawesome/fontawesome.sty
Package: fontawesome 2013/05/10 v3.1.1 font awesome icons
\g__file_internal_ior=\read2
.................................................
. fontspec info: "no-scripts"
. 
. Font FontAwesome does not contain any OpenType `Script' information.
.................................................
\g__fontspec_family_FontAwesome_int=\count316
.................................................
. fontspec info: "no-font-shape"
. 
. Could not resolve font FontAwesome/BI (it probably doesn't exist).
.................................................
.................................................
. fontspec info: "no-font-shape"
. 
. Could not resolve font FontAwesome/B (it probably doesn't exist).
.................................................
.................................................
. fontspec info: "no-font-shape"
. 
. Could not resolve font FontAwesome/I (it probably doesn't exist).
.................................................
.................................................
. fontspec info: "defining-font"
. 
. Font family 'FontAwesome(0)' created for font 'FontAwesome' with options [].
. 
. This font family consists of the following shapes:
. 
. * 'normal' with NFSS spec.:
. <->"FontAwesome/OT:"
. 
. * 'small caps' with NFSS spec.:
. 
. and font adjustment code:
. 
.................................................
)
(/usr/local/texlive/2013/texmf-dist/tex/latex/koma-script/scrletter.sty
Package: scrletter 2015/04/02 v3.17.2062 KOMA-Script letter package extending a
ny KOMA-Script class

(/usr/local/texlive/2013/texmf-dist/tex/latex/koma-script/scrlayer-scrpage.sty
Package: scrlayer-scrpage 2015/04/02 v3.17.2062 KOMA-Script package (end user i
nterface for scrlayer)

(/usr/local/texlive/2013/texmf-dist/tex/latex/koma-script/scrlayer.sty
Package: scrlayer 2015/04/02 v3.17.2062 KOMA-Script package (defining layers an
d page styles)
Package scrlayer Info: Using already defined \footheight
(scrlayer)             hoping, that this is a length and
(scrlayer)             not only a macro on input line 107.
Package scrlayer Info: patching LaTeX kernel macro \pagestyle on input line 184
3.
)
Package scrlayer-scrpage Info: deactivating warning for font element
(scrlayer-scrpage)             `pagefoot' on input line 1189.
)
Package scrlayer-scrpage Info: auto-selection of `pagestyleset=KOMA-Script'.
)
Package scrletter Info: Letter-Class-Option `DIN' loaded on input line 21.

(/usr/local/texlive/2013/texmf-dist/tex/latex/koma-script/DIN.lco
File: DIN.lco 2015/04/02 v3.17.2062 KOMA-Script letter-class-option
)
.................................................
. LaTeX info: "xparse/define-command"
. 
. Defining command \makecover with sig. ' O{} ' on line 33.
.................................................
.................................................
. LaTeX info: "xparse/define-environment"
. 
. Defining environment 'cv' with sig. ' ' on line 46.
.................................................
.................................................
. LaTeX info: "xparse/define-command"
. 
. Defining command \makecvhead with sig. ' ' on line 73.
.................................................
\c@cvsec=\count317
\firstcolwidth=\skip71
.................................................
. LaTeX info: "xparse/define-command"
. 
. Defining command \cvdate with sig. ' m m o ' on line 114.
.................................................
\enitdp@cvlist=\count318
)
Package scrletter Info: Letter-Class-Option `tastyFriedLiver' loaded on input l
ine 2.

(./tastyFriedLiver.lco
File: tastyFriedLiver.lco 2015/04/06 personal data for letters
)
(/usr/local/texlive/2013/texmf-dist/tex/latex/alegreya/AlegreyaSans.sty
Package: AlegreyaSans 2014/05/18 (Bob Tennent) Supports AlegreyaSans and Alegre
yaSansSC fonts for all LaTeX engines. 

(/usr/local/texlive/2013/texmf-dist/tex/latex/base/textcomp.sty
Package: textcomp 2005/09/27 v1.99g Standard LaTeX package
Package textcomp Info: Sub-encoding information:
(textcomp)               5 = only ISO-Adobe without \textcurrency
(textcomp)               4 = 5 + \texteuro
(textcomp)               3 = 4 + \textohm
(textcomp)               2 = 3 + \textestimated + \textcurrency
(textcomp)               1 = TS1 - \textcircled - \t
(textcomp)               0 = TS1 (full)
(textcomp)             Font families with sub-encoding setting implement
(textcomp)             only a restricted character set as indicated.
(textcomp)             Family '?' is the default used for unknown fonts.
(textcomp)             See the documentation for details.
Package textcomp Info: Setting ? sub-encoding to TS1/1 on input line 71.

(/usr/local/texlive/2013/texmf-dist/tex/latex/base/ts1enc.def
File: ts1enc.def 2001/06/05 v3.0e (jk/car/fm) Standard LaTeX file
)
LaTeX Info: Redefining \oldstylenums on input line 266.
Package textcomp Info: Setting cmr sub-encoding to TS1/0 on input line 281.
Package textcomp Info: Setting cmss sub-encoding to TS1/0 on input line 282.
Package textcomp Info: Setting cmtt sub-encoding to TS1/0 on input line 283.
Package textcomp Info: Setting cmvtt sub-encoding to TS1/0 on input line 284.
Package textcomp Info: Setting cmbr sub-encoding to TS1/0 on input line 285.
Package textcomp Info: Setting cmtl sub-encoding to TS1/0 on input line 286.
Package textcomp Info: Setting ccr sub-encoding to TS1/0 on input line 287.
Package textcomp Info: Setting ptm sub-encoding to TS1/4 on input line 288.
Package textcomp Info: Setting pcr sub-encoding to TS1/4 on input line 289.
Package textcomp Info: Setting phv sub-encoding to TS1/4 on input line 290.
Package textcomp Info: Setting ppl sub-encoding to TS1/3 on input line 291.
Package textcomp Info: Setting pag sub-encoding to TS1/4 on input line 292.
Package textcomp Info: Setting pbk sub-encoding to TS1/4 on input line 293.
Package textcomp Info: Setting pnc sub-encoding to TS1/4 on input line 294.
Package textcomp Info: Setting pzc sub-encoding to TS1/4 on input line 295.
Package textcomp Info: Setting bch sub-encoding to TS1/4 on input line 296.
Package textcomp Info: Setting put sub-encoding to TS1/5 on input line 297.
Package textcomp Info: Setting uag sub-encoding to TS1/5 on input line 298.
Package textcomp Info: Setting ugq sub-encoding to TS1/5 on input line 299.
Package textcomp Info: Setting ul8 sub-encoding to TS1/4 on input line 300.
Package textcomp Info: Setting ul9 sub-encoding to TS1/4 on input line 301.
Package textcomp Info: Setting augie sub-encoding to TS1/5 on input line 302.
Package textcomp Info: Setting dayrom sub-encoding to TS1/3 on input line 303.
Package textcomp Info: Setting dayroms sub-encoding to TS1/3 on input line 304.

Package textcomp Info: Setting pxr sub-encoding to TS1/0 on input line 305.
Package textcomp Info: Setting pxss sub-encoding to TS1/0 on input line 306.
Package textcomp Info: Setting pxtt sub-encoding to TS1/0 on input line 307.
Package textcomp Info: Setting txr sub-encoding to TS1/0 on input line 308.
Package textcomp Info: Setting txss sub-encoding to TS1/0 on input line 309.
Package textcomp Info: Setting txtt sub-encoding to TS1/0 on input line 310.
Package textcomp Info: Setting lmr sub-encoding to TS1/0 on input line 311.
Package textcomp Info: Setting lmdh sub-encoding to TS1/0 on input line 312.
Package textcomp Info: Setting lmss sub-encoding to TS1/0 on input line 313.
Package textcomp Info: Setting lmssq sub-encoding to TS1/0 on input line 314.
Package textcomp Info: Setting lmvtt sub-encoding to TS1/0 on input line 315.
Package textcomp Info: Setting qhv sub-encoding to TS1/0 on input line 316.
Package textcomp Info: Setting qag sub-encoding to TS1/0 on input line 317.
Package textcomp Info: Setting qbk sub-encoding to TS1/0 on input line 318.
Package textcomp Info: Setting qcr sub-encoding to TS1/0 on input line 319.
Package textcomp Info: Setting qcs sub-encoding to TS1/0 on input line 320.
Package textcomp Info: Setting qpl sub-encoding to TS1/0 on input line 321.
Package textcomp Info: Setting qtm sub-encoding to TS1/0 on input line 322.
Package textcomp Info: Setting qzc sub-encoding to TS1/0 on input line 323.
Package textcomp Info: Setting qhvc sub-encoding to TS1/0 on input line 324.
Package textcomp Info: Setting futs sub-encoding to TS1/4 on input line 325.
Package textcomp Info: Setting futx sub-encoding to TS1/4 on input line 326.
Package textcomp Info: Setting futj sub-encoding to TS1/4 on input line 327.
Package textcomp Info: Setting hlh sub-encoding to TS1/3 on input line 328.
Package textcomp Info: Setting hls sub-encoding to TS1/3 on input line 329.
Package textcomp Info: Setting hlst sub-encoding to TS1/3 on input line 330.
Package textcomp Info: Setting hlct sub-encoding to TS1/5 on input line 331.
Package textcomp Info: Setting hlx sub-encoding to TS1/5 on input line 332.
Package textcomp Info: Setting hlce sub-encoding to TS1/5 on input line 333.
Package textcomp Info: Setting hlcn sub-encoding to TS1/5 on input line 334.
Package textcomp Info: Setting hlcw sub-encoding to TS1/5 on input line 335.
Package textcomp Info: Setting hlcf sub-encoding to TS1/5 on input line 336.
Package textcomp Info: Setting pplx sub-encoding to TS1/3 on input line 337.
Package textcomp Info: Setting pplj sub-encoding to TS1/3 on input line 338.
Package textcomp Info: Setting ptmx sub-encoding to TS1/4 on input line 339.
Package textcomp Info: Setting ptmj sub-encoding to TS1/4 on input line 340.
)
(/usr/local/texlive/2013/texmf-dist/tex/latex/xkeyval/xkeyval.sty
Package: xkeyval 2014/12/03 v2.7a package option processing (HA)

(/usr/local/texlive/2013/texmf-dist/tex/generic/xkeyval/xkeyval.tex
(/usr/local/texlive/2013/texmf-dist/tex/generic/xkeyval/xkvutils.tex
\XKV@toks=\toks19
\XKV@tempa@toks=\toks20
)
\XKV@depth=\count319
File: xkeyval.tex 2014/12/03 v2.7a key=value parser (HA)
))
Requested font "[AlegreyaSans-Regular.ttf]/OT" at 10.0pt
 -> /usr/local/texlive/2013/texmf-dist/fonts/truetype/huerta/alegreya/AlegreyaS
ans-Regular.ttf
\g__fontspec_family_AlegreyaSans_int=\count320
Requested font "[AlegreyaSans-Bold.ttf]/OT" at 10.0pt
 -> /usr/local/texlive/2013/texmf-dist/fonts/truetype/huerta/alegreya/AlegreyaS
ans-Bold.ttf
Requested font "[AlegreyaSans-RegularItalic.ttf]/OT" at 10.0pt
 -> /usr/local/texlive/2013/texmf-dist/fonts/truetype/huerta/alegreya/AlegreyaS
ans-RegularItalic.ttf
Requested font "[AlegreyaSans-BoldItalic.ttf]/OT" at 10.0pt
 -> /usr/local/texlive/2013/texmf-dist/fonts/truetype/huerta/alegreya/AlegreyaS
ans-BoldItalic.ttf
.................................................
. fontspec info: "defining-font"
. 
. Font family 'AlegreyaSans(0)' created for font 'AlegreyaSans' with options
. [Ligatures = TeX,Extension = .ttf,Scale = 1,Ligatures=TeX,Numbers =
. {Proportional,Lining},UprightFont = *-Regular,ItalicFont =
. *-RegularItalic,BoldFont = *-Bold,BoldItalicFont = *-BoldItalic].
. 
. This font family consists of the following shapes:
. 
. * 'normal' with NFSS spec.:
. 
. <->s*[1]"[AlegreyaSans-Regular.ttf]/OT:script=latn;language=DFLT;mapping=tex-
text;mapping=tex-text;+pnum;+lnum;"
. 
. * 'small caps' with NFSS spec.:
. 
. and font adjustment code:
. 
. 
. * 'bold' with NFSS spec.:
. 
. <->s*[1]"[AlegreyaSans-Bold.ttf]/OT:script=latn;language=DFLT;mapping=tex-tex
t;mapping=tex-text;+pnum;+lnum;"
. 
. * 'bold small caps' with NFSS spec.:
. 
. and font adjustment code:
. 
. 
. * 'italic' with NFSS spec.:
. 
. <->s*[1]"[AlegreyaSans-RegularItalic.ttf]/OT:script=latn;language=DFLT;mappin
g=tex-text;mapping=tex-text;+pnum;+lnum;"
. 
. * 'small caps' with NFSS spec.:
. 
. and font adjustment code:
. 
. 
. * 'bold italic' with NFSS spec.:
. 
. <->s*[1]"[AlegreyaSans-BoldItalic.ttf]/OT:script=latn;language=DFLT;mapping=t
ex-text;mapping=tex-text;+pnum;+lnum;"
. 
. * 'bold small caps' with NFSS spec.:
. 
. and font adjustment code:
. 
.................................................
.................................................
. fontspec info: "defining-font"
. 
. Font family 'AlegreyaSans(1)' created for font 'AlegreyaSans' with options
. [Ligatures = TeX,Extension = .ttf,Scale = 1,Numbers =
. {Proportional,Lining},UprightFont = *-Regular,ItalicFont =
. *-RegularItalic,BoldFont = *-Bold,BoldItalicFont = *-BoldItalic].
. 
. This font family consists of the following shapes:
. 
. * 'normal' with NFSS spec.:
. 
. <->s*[1]"[AlegreyaSans-Regular.ttf]/OT:script=latn;language=DFLT;mapping=tex-
text;+pnum;+lnum;"
. 
. * 'small caps' with NFSS spec.:
. 
. and font adjustment code:
. 
. 
. * 'bold' with NFSS spec.:
. 
. <->s*[1]"[AlegreyaSans-Bold.ttf]/OT:script=latn;language=DFLT;mapping=tex-tex
t;+pnum;+lnum;"
. 
. * 'bold small caps' with NFSS spec.:
. 
. and font adjustment code:
. 
. 
. * 'italic' with NFSS spec.:
. 
. <->s*[1]"[AlegreyaSans-RegularItalic.ttf]/OT:script=latn;language=DFLT;mappin
g=tex-text;+pnum;+lnum;"
. 
. * 'small caps' with NFSS spec.:
. 
. and font adjustment code:
. 
. 
. * 'bold italic' with NFSS spec.:
. 
. <->s*[1]"[AlegreyaSans-BoldItalic.ttf]/OT:script=latn;language=DFLT;mapping=t
ex-text;+pnum;+lnum;"
. 
. * 'bold small caps' with NFSS spec.:
. 
. and font adjustment code:
. 
.................................................
.................................................
. fontspec info: "defining-font"
. 
. Font family 'AlegreyaSans(2)' created for font 'AlegreyaSans' with options
. [Ligatures = TeX,Extension = .ttf,Scale = 1,Numbers =
. {Proportional,OldStyle},UprightFont = *-Regular,ItalicFont =
. *-RegularItalic,BoldFont = *-Bold,BoldItalicFont = *-BoldItalic].
. 
. This font family consists of the following shapes:
. 
. * 'normal' with NFSS spec.:
. 
. <->s*[1]"[AlegreyaSans-Regular.ttf]/OT:script=latn;language=DFLT;mapping=tex-
text;+pnum;+onum;"
. 
. * 'small caps' with NFSS spec.:
. 
. and font adjustment code:
. 
. 
. * 'bold' with NFSS spec.:
. 
. <->s*[1]"[AlegreyaSans-Bold.ttf]/OT:script=latn;language=DFLT;mapping=tex-tex
t;+pnum;+onum;"
. 
. * 'bold small caps' with NFSS spec.:
. 
. and font adjustment code:
. 
. 
. * 'italic' with NFSS spec.:
. 
. <->s*[1]"[AlegreyaSans-RegularItalic.ttf]/OT:script=latn;language=DFLT;mappin
g=tex-text;+pnum;+onum;"
. 
. * 'small caps' with NFSS spec.:
. 
. and font adjustment code:
. 
. 
. * 'bold italic' with NFSS spec.:
. 
. <->s*[1]"[AlegreyaSans-BoldItalic.ttf]/OT:script=latn;language=DFLT;mapping=t
ex-text;+pnum;+onum;"
. 
. * 'bold small caps' with NFSS spec.:
. 
. and font adjustment code:
. 
.................................................
.................................................
. fontspec info: "defining-font"
. 
. Font family 'AlegreyaSans(3)' created for font 'AlegreyaSans' with options
. [Ligatures = TeX,Extension = .ttf,Scale = 1,Numbers =
. {Monospaced,OldStyle},UprightFont = *-Regular,ItalicFont =
. *-RegularItalic,BoldFont = *-Bold,BoldItalicFont = *-BoldItalic].
. 
. This font family consists of the following shapes:
. 
. * 'normal' with NFSS spec.:
. 
. <->s*[1]"[AlegreyaSans-Regular.ttf]/OT:script=latn;language=DFLT;mapping=tex-
text;+tnum;+onum;"
. 
. * 'small caps' with NFSS spec.:
. 
. and font adjustment code:
. 
. 
. * 'bold' with NFSS spec.:
. 
. <->s*[1]"[AlegreyaSans-Bold.ttf]/OT:script=latn;language=DFLT;mapping=tex-tex
t;+tnum;+onum;"
. 
. * 'bold small caps' with NFSS spec.:
. 
. and font adjustment code:
. 
. 
. * 'italic' with NFSS spec.:
. 
. <->s*[1]"[AlegreyaSans-RegularItalic.ttf]/OT:script=latn;language=DFLT;mappin
g=tex-text;+tnum;+onum;"
. 
. * 'small caps' with NFSS spec.:
. 
. and font adjustment code:
. 
. 
. * 'bold italic' with NFSS spec.:
. 
. <->s*[1]"[AlegreyaSans-BoldItalic.ttf]/OT:script=latn;language=DFLT;mapping=t
ex-text;+tnum;+onum;"
. 
. * 'bold small caps' with NFSS spec.:
. 
. and font adjustment code:
. 
.................................................
.................................................
. fontspec info: "defining-font"
. 
. Font family 'AlegreyaSans(4)' created for font 'AlegreyaSans' with options
. [Ligatures = TeX,Extension = .ttf,Scale = 1,Numbers =
. {Monospaced,Lining},UprightFont = *-Regular,ItalicFont =
. *-RegularItalic,BoldFont = *-Bold,BoldItalicFont = *-BoldItalic].
. 
. This font family consists of the following shapes:
. 
. * 'normal' with NFSS spec.:
. 
. <->s*[1]"[AlegreyaSans-Regular.ttf]/OT:script=latn;language=DFLT;mapping=tex-
text;+tnum;+lnum;"
. 
. * 'small caps' with NFSS spec.:
. 
. and font adjustment code:
. 
. 
. * 'bold' with NFSS spec.:
. 
. <->s*[1]"[AlegreyaSans-Bold.ttf]/OT:script=latn;language=DFLT;mapping=tex-tex
t;+tnum;+lnum;"
. 
. * 'bold small caps' with NFSS spec.:
. 
. and font adjustment code:
. 
. 
. * 'italic' with NFSS spec.:
. 
. <->s*[1]"[AlegreyaSans-RegularItalic.ttf]/OT:script=latn;language=DFLT;mappin
g=tex-text;+tnum;+lnum;"
. 
. * 'small caps' with NFSS spec.:
. 
. and font adjustment code:
. 
. 
. * 'bold italic' with NFSS spec.:
. 
. <->s*[1]"[AlegreyaSans-BoldItalic.ttf]/OT:script=latn;language=DFLT;mapping=t
ex-text;+tnum;+lnum;"
. 
. * 'bold small caps' with NFSS spec.:
. 
. and font adjustment code:
. 
.................................................
Requested font "[AlegreyaSans-Black.ttf]/OT" at 10.0pt
 -> /usr/local/texlive/2013/texmf-dist/fonts/truetype/huerta/alegreya/AlegreyaS
ans-Black.ttf
Requested font "[AlegreyaSans-BlackItalic.ttf]/OT" at 10.0pt
 -> /usr/local/texlive/2013/texmf-dist/fonts/truetype/huerta/alegreya/AlegreyaS
ans-BlackItalic.ttf
.................................................
. fontspec info: "defining-font"
. 
. Font family 'AlegreyaSans(5)' created for font 'AlegreyaSans' with options
. [Ligatures = TeX,Extension = .ttf,Scale = 1,Numbers =
. {Proportional,Lining},UprightFont = *-Black,ItalicFont =
. *-BlackItalic,BoldFont = *-Black,BoldItalicFont = *-BlackItalic].
. 
. This font family consists of the following shapes:
. 
. * 'normal' with NFSS spec.:
. 
. <->s*[1]"[AlegreyaSans-Black.ttf]/OT:script=latn;language=DFLT;mapping=tex-te
xt;+pnum;+lnum;"
. 
. * 'small caps' with NFSS spec.:
. 
. and font adjustment code:
. 
. 
. * 'bold' with NFSS spec.:
. 
. <->s*[1]"[AlegreyaSans-Black.ttf]/OT:script=latn;language=DFLT;mapping=tex-te
xt;+pnum;+lnum;"
. 
. * 'bold small caps' with NFSS spec.:
. 
. and font adjustment code:
. 
. 
. * 'italic' with NFSS spec.:
. 
. <->s*[1]"[AlegreyaSans-BlackItalic.ttf]/OT:script=latn;language=DFLT;mapping=
tex-text;+pnum;+lnum;"
. 
. * 'small caps' with NFSS spec.:
. 
. and font adjustment code:
. 
. 
. * 'bold italic' with NFSS spec.:
. 
. <->s*[1]"[AlegreyaSans-BlackItalic.ttf]/OT:script=latn;language=DFLT;mapping=
tex-text;+pnum;+lnum;"
. 
. * 'bold small caps' with NFSS spec.:
. 
. and font adjustment code:
. 
.................................................
Requested font "[AlegreyaSans-ExtraBold.ttf]/OT" at 10.0pt
 -> /usr/local/texlive/2013/texmf-dist/fonts/truetype/huerta/alegreya/AlegreyaS
ans-ExtraBold.ttf
Requested font "[AlegreyaSans-ExtraBoldItalic.ttf]/OT" at 10.0pt
 -> /usr/local/texlive/2013/texmf-dist/fonts/truetype/huerta/alegreya/AlegreyaS
ans-ExtraBoldItalic.ttf
.................................................
. fontspec info: "defining-font"
. 
. Font family 'AlegreyaSans(6)' created for font 'AlegreyaSans' with options
. [Ligatures = TeX,Extension = .ttf,Scale = 1,Numbers =
. {Proportional,Lining},UprightFont = *-ExtraBold,ItalicFont =
. *-ExtraBoldItalic,BoldFont = *-ExtraBold,BoldItalicFont =
. *-ExtraBoldItalic].
. 
. This font family consists of the following shapes:
. 
. * 'normal' with NFSS spec.:
. 
. <->s*[1]"[AlegreyaSans-ExtraBold.ttf]/OT:script=latn;language=DFLT;mapping=te
x-text;+pnum;+lnum;"
. 
. * 'small caps' with NFSS spec.:
. 
. and font adjustment code:
. 
. 
. * 'bold' with NFSS spec.:
. 
. <->s*[1]"[AlegreyaSans-ExtraBold.ttf]/OT:script=latn;language=DFLT;mapping=te
x-text;+pnum;+lnum;"
. 
. * 'bold small caps' with NFSS spec.:
. 
. and font adjustment code:
. 
. 
. * 'italic' with NFSS spec.:
. 
. <->s*[1]"[AlegreyaSans-ExtraBoldItalic.ttf]/OT:script=latn;language=DFLT;mapp
ing=tex-text;+pnum;+lnum;"
. 
. * 'small caps' with NFSS spec.:
. 
. and font adjustment code:
. 
. 
. * 'bold italic' with NFSS spec.:
. 
. <->s*[1]"[AlegreyaSans-ExtraBoldItalic.ttf]/OT:script=latn;language=DFLT;mapp
ing=tex-text;+pnum;+lnum;"
. 
. * 'bold small caps' with NFSS spec.:
. 
. and font adjustment code:
. 
.................................................
Requested font "[AlegreyaSans-Thin.ttf]/OT" at 10.0pt
 -> /usr/local/texlive/2013/texmf-dist/fonts/truetype/huerta/alegreya/AlegreyaS
ans-Thin.ttf
Requested font "[AlegreyaSans-ThinItalic.ttf]/OT" at 10.0pt
 -> /usr/local/texlive/2013/texmf-dist/fonts/truetype/huerta/alegreya/AlegreyaS
ans-ThinItalic.ttf
.................................................
. fontspec info: "defining-font"
. 
. Font family 'AlegreyaSans(7)' created for font 'AlegreyaSans' with options
. [Ligatures = TeX,Extension = .ttf,Scale = 1,Numbers =
. {Proportional,Lining},UprightFont = *-Thin,ItalicFont =
. *-ThinItalic,BoldFont = *-Thin,BoldItalicFont = *-ThinItalic].
. 
. This font family consists of the following shapes:
. 
. * 'normal' with NFSS spec.:
. 
. <->s*[1]"[AlegreyaSans-Thin.ttf]/OT:script=latn;language=DFLT;mapping=tex-tex
t;+pnum;+lnum;"
. 
. * 'small caps' with NFSS spec.:
. 
. and font adjustment code:
. 
. 
. * 'bold' with NFSS spec.:
. 
. <->s*[1]"[AlegreyaSans-Thin.ttf]/OT:script=latn;language=DFLT;mapping=tex-tex
t;+pnum;+lnum;"
. 
. * 'bold small caps' with NFSS spec.:
. 
. and font adjustment code:
. 
. 
. * 'italic' with NFSS spec.:
. 
. <->s*[1]"[AlegreyaSans-ThinItalic.ttf]/OT:script=latn;language=DFLT;mapping=t
ex-text;+pnum;+lnum;"
. 
. * 'small caps' with NFSS spec.:
. 
. and font adjustment code:
. 
. 
. * 'bold italic' with NFSS spec.:
. 
. <->s*[1]"[AlegreyaSans-ThinItalic.ttf]/OT:script=latn;language=DFLT;mapping=t
ex-text;+pnum;+lnum;"
. 
. * 'bold small caps' with NFSS spec.:
. 
. and font adjustment code:
. 
.................................................
Requested font "[AlegreyaSans-Light.ttf]/OT" at 10.0pt
 -> /usr/local/texlive/2013/texmf-dist/fonts/truetype/huerta/alegreya/AlegreyaS
ans-Light.ttf
Requested font "[AlegreyaSans-LightItalic.ttf]/OT" at 10.0pt
 -> /usr/local/texlive/2013/texmf-dist/fonts/truetype/huerta/alegreya/AlegreyaS
ans-LightItalic.ttf
.................................................
. fontspec info: "defining-font"
. 
. Font family 'AlegreyaSans(8)' created for font 'AlegreyaSans' with options
. [Ligatures = TeX,Extension = .ttf,Scale = 1,Numbers =
. {Proportional,Lining},UprightFont = *-Light,ItalicFont =
. *-LightItalic,BoldFont = *-Light,BoldItalicFont = *-LightItalic].
. 
. This font family consists of the following shapes:
. 
. * 'normal' with NFSS spec.:
. 
. <->s*[1]"[AlegreyaSans-Light.ttf]/OT:script=latn;language=DFLT;mapping=tex-te
xt;+pnum;+lnum;"
. 
. * 'small caps' with NFSS spec.:
. 
. and font adjustment code:
. 
. 
. * 'bold' with NFSS spec.:
. 
. <->s*[1]"[AlegreyaSans-Light.ttf]/OT:script=latn;language=DFLT;mapping=tex-te
xt;+pnum;+lnum;"
. 
. * 'bold small caps' with NFSS spec.:
. 
. and font adjustment code:
. 
. 
. * 'italic' with NFSS spec.:
. 
. <->s*[1]"[AlegreyaSans-LightItalic.ttf]/OT:script=latn;language=DFLT;mapping=
tex-text;+pnum;+lnum;"
. 
. * 'small caps' with NFSS spec.:
. 
. and font adjustment code:
. 
. 
. * 'bold italic' with NFSS spec.:
. 
. <->s*[1]"[AlegreyaSans-LightItalic.ttf]/OT:script=latn;language=DFLT;mapping=
tex-text;+pnum;+lnum;"
. 
. * 'bold small caps' with NFSS spec.:
. 
. and font adjustment code:
. 
.................................................
Requested font "[AlegreyaSans-Medium.ttf]/OT" at 10.0pt
 -> /usr/local/texlive/2013/texmf-dist/fonts/truetype/huerta/alegreya/AlegreyaS
ans-Medium.ttf
Requested font "[AlegreyaSans-MediumItalic.ttf]/OT" at 10.0pt
 -> /usr/local/texlive/2013/texmf-dist/fonts/truetype/huerta/alegreya/AlegreyaS
ans-MediumItalic.ttf
.................................................
. fontspec info: "defining-font"
. 
. Font family 'AlegreyaSans(9)' created for font 'AlegreyaSans' with options
. [Ligatures = TeX,Extension = .ttf,Scale = 1,Numbers =
. {Proportional,Lining},UprightFont = *-Medium,ItalicFont =
. *-MediumItalic,BoldFont = *-Medium,BoldItalicFont = *-MediumItalic].
. 
. This font family consists of the following shapes:
. 
. * 'normal' with NFSS spec.:
. 
. <->s*[1]"[AlegreyaSans-Medium.ttf]/OT:script=latn;language=DFLT;mapping=tex-t
ext;+pnum;+lnum;"
. 
. * 'small caps' with NFSS spec.:
. 
. and font adjustment code:
. 
. 
. * 'bold' with NFSS spec.:
. 
. <->s*[1]"[AlegreyaSans-Medium.ttf]/OT:script=latn;language=DFLT;mapping=tex-t
ext;+pnum;+lnum;"
. 
. * 'bold small caps' with NFSS spec.:
. 
. and font adjustment code:
. 
. 
. * 'italic' with NFSS spec.:
. 
. <->s*[1]"[AlegreyaSans-MediumItalic.ttf]/OT:script=latn;language=DFLT;mapping
=tex-text;+pnum;+lnum;"
. 
. * 'small caps' with NFSS spec.:
. 
. and font adjustment code:
. 
. 
. * 'bold italic' with NFSS spec.:
. 
. <->s*[1]"[AlegreyaSans-MediumItalic.ttf]/OT:script=latn;language=DFLT;mapping
=tex-text;+pnum;+lnum;"
. 
. * 'bold small caps' with NFSS spec.:
. 
. and font adjustment code:
. 
.................................................
Requested font "[AlegreyaSansSC-Regular.ttf]/OT" at 10.0pt
 -> /usr/local/texlive/2013/texmf-dist/fonts/truetype/huerta/alegreya/AlegreyaS
ansSC-Regular.ttf
\g__fontspec_family_AlegreyaSansSC_int=\count321
Requested font "[AlegreyaSansSC-Bold.ttf]/OT" at 10.0pt
 -> /usr/local/texlive/2013/texmf-dist/fonts/truetype/huerta/alegreya/AlegreyaS
ansSC-Bold.ttf
Requested font "[AlegreyaSansSC-RegularItalic.ttf]/OT" at 10.0pt
 -> /usr/local/texlive/2013/texmf-dist/fonts/truetype/huerta/alegreya/AlegreyaS
ansSC-RegularItalic.ttf
Requested font "[AlegreyaSansSC-BoldItalic.ttf]/OT" at 10.0pt
 -> /usr/local/texlive/2013/texmf-dist/fonts/truetype/huerta/alegreya/AlegreyaS
ansSC-BoldItalic.ttf
.................................................
. fontspec info: "defining-font"
. 
. Font family 'AlegreyaSansSC(0)' created for font 'AlegreyaSansSC' with
. options [Ligatures = TeX,Extension = .ttf,Scale = 1,Numbers =
. {Proportional,Lining},UprightFont = *-Regular,ItalicFont =
. *-RegularItalic,BoldFont = *-Bold,BoldItalicFont = *-BoldItalic].
. 
. This font family consists of the following shapes:
. 
. * 'normal' with NFSS spec.:
. 
. <->s*[1]"[AlegreyaSansSC-Regular.ttf]/OT:script=latn;language=DFLT;mapping=te
x-text;+pnum;+lnum;"
. 
. * 'small caps' with NFSS spec.:
. 
. and font adjustment code:
. 
. 
. * 'bold' with NFSS spec.:
. 
. <->s*[1]"[AlegreyaSansSC-Bold.ttf]/OT:script=latn;language=DFLT;mapping=tex-t
ext;+pnum;+lnum;"
. 
. * 'bold small caps' with NFSS spec.:
. 
. and font adjustment code:
. 
. 
. * 'italic' with NFSS spec.:
. 
. <->s*[1]"[AlegreyaSansSC-RegularItalic.ttf]/OT:script=latn;language=DFLT;mapp
ing=tex-text;+pnum;+lnum;"
. 
. * 'small caps' with NFSS spec.:
. 
. and font adjustment code:
. 
. 
. * 'bold italic' with NFSS spec.:
. 
. <->s*[1]"[AlegreyaSansSC-BoldItalic.ttf]/OT:script=latn;language=DFLT;mapping
=tex-text;+pnum;+lnum;"
. 
. * 'bold small caps' with NFSS spec.:
. 
. and font adjustment code:
. 
.................................................
)
(/usr/local/texlive/2013/texmf-dist/tex/generic/babel/babel.sty
Package: babel 2014/09/25 3.9l The Babel package

(/usr/local/texlive/2013/texmf-dist/tex/generic/babel-english/english.ldf
Language: english 2012/08/20 v3.3p English support from the babel system

(/usr/local/texlive/2013/texmf-dist/tex/generic/babel/babel.def
File: babel.def 2014/09/25 3.9l Babel common definitions
\babel@savecnt=\count322
\U@D=\dimen142

(/usr/local/texlive/2013/texmf-dist/tex/generic/babel/xebabel.def))
\l@canadian = a dialect from \language\l@american 
\l@australian = a dialect from \language\l@british 
\l@newzealand = a dialect from \language\l@british 
))
(/usr/local/texlive/2013/texmf-dist/tex/latex/alegreya/Alegreya.sty
Package: Alegreya 2014/05/18 (Bob Tennent) Supports Alegreya and AlegreyaSC fon
ts for all LaTeX engines. 
Requested font "[Alegreya-Regular.ttf]/OT" at 10.0pt
 -> /usr/local/texlive/2013/texmf-dist/fonts/truetype/huerta/alegreya/Alegreya-
Regular.ttf
\g__fontspec_family_Alegreya_int=\count323
Requested font "[Alegreya-Bold.ttf]/OT" at 10.0pt
 -> /usr/local/texlive/2013/texmf-dist/fonts/truetype/huerta/alegreya/Alegreya-
Bold.ttf
Requested font "[Alegreya-Italic.ttf]/OT" at 10.0pt
 -> /usr/local/texlive/2013/texmf-dist/fonts/truetype/huerta/alegreya/Alegreya-
Italic.ttf
Requested font "[Alegreya-BoldItalic.ttf]/OT" at 10.0pt
 -> /usr/local/texlive/2013/texmf-dist/fonts/truetype/huerta/alegreya/Alegreya-
BoldItalic.ttf
.................................................
. fontspec info: "defining-font"
. 
. Font family 'Alegreya(0)' created for font 'Alegreya' with options
. [Ligatures = TeX,Extension = .ttf,Scale = 1,Ligatures=TeX,Numbers =
. {Proportional,Lining},UprightFont = *-Regular,ItalicFont = *-Italic,BoldFont
. = *-Bold,BoldItalicFont = *-BoldItalic].
. 
. This font family consists of the following shapes:
. 
. * 'normal' with NFSS spec.:
. 
. <->s*[1]"[Alegreya-Regular.ttf]/OT:script=latn;language=DFLT;mapping=tex-text
;mapping=tex-text;+pnum;+lnum;"
. 
. * 'small caps' with NFSS spec.:
. 
. and font adjustment code:
. 
. 
. * 'bold' with NFSS spec.:
. 
. <->s*[1]"[Alegreya-Bold.ttf]/OT:script=latn;language=DFLT;mapping=tex-text;ma
pping=tex-text;+pnum;+lnum;"
. 
. * 'bold small caps' with NFSS spec.:
. 
. and font adjustment code:
. 
. 
. * 'italic' with NFSS spec.:
. 
. <->s*[1]"[Alegreya-Italic.ttf]/OT:script=latn;language=DFLT;mapping=tex-text;
mapping=tex-text;+pnum;+lnum;"
. 
. * 'small caps' with NFSS spec.:
. 
. and font adjustment code:
. 
. 
. * 'bold italic' with NFSS spec.:
. 
. <->s*[1]"[Alegreya-BoldItalic.ttf]/OT:script=latn;language=DFLT;mapping=tex-t
ext;mapping=tex-text;+pnum;+lnum;"
. 
. * 'bold small caps' with NFSS spec.:
. 
. and font adjustment code:
. 
.................................................
LaTeX Font Info:    Font shape `EU1/Alegreya(0)/m/n' will be
(Font)              scaled to size 10.0pt on input line 137.
Requested font "[Alegreya-Regular.ttf]/OT:script=latn;language=DFLT;mapping=tex
-text;mapping=tex-text;+pnum;+lnum;" at 10.0pt
 -> /usr/local/texlive/2013/texmf-dist/fonts/truetype/huerta/alegreya/Alegreya-
Regular.ttf
LaTeX Font Info:    Font shape `EU1/Alegreya(0)/m/n' will be
(Font)              scaled to size 10.95pt on input line 164.
Requested font "[Alegreya-Regular.ttf]/OT:script=latn;language=DFLT;mapping=tex
-text;mapping=tex-text;+pnum;+lnum;" at 10.95pt
 -> /usr/local/texlive/2013/texmf-dist/fonts/truetype/huerta/alegreya/Alegreya-
Regular.ttf
.................................................
. fontspec info: "defining-font"
. 
. Font family 'Alegreya(1)' created for font 'Alegreya' with options
. [Ligatures = TeX,Extension = .ttf,Scale = 1,Numbers =
. {Proportional,Lining},UprightFont = *-Regular,ItalicFont = *-Italic,BoldFont
. = *-Bold,BoldItalicFont = *-BoldItalic].
. 
. This font family consists of the following shapes:
. 
. * 'normal' with NFSS spec.:
. 
. <->s*[1]"[Alegreya-Regular.ttf]/OT:script=latn;language=DFLT;mapping=tex-text
;+pnum;+lnum;"
. 
. * 'small caps' with NFSS spec.:
. 
. and font adjustment code:
. 
. 
. * 'bold' with NFSS spec.:
. 
. <->s*[1]"[Alegreya-Bold.ttf]/OT:script=latn;language=DFLT;mapping=tex-text;+p
num;+lnum;"
. 
. * 'bold small caps' with NFSS spec.:
. 
. and font adjustment code:
. 
. 
. * 'italic' with NFSS spec.:
. 
. <->s*[1]"[Alegreya-Italic.ttf]/OT:script=latn;language=DFLT;mapping=tex-text;
+pnum;+lnum;"
. 
. * 'small caps' with NFSS spec.:
. 
. and font adjustment code:
. 
. 
. * 'bold italic' with NFSS spec.:
. 
. <->s*[1]"[Alegreya-BoldItalic.ttf]/OT:script=latn;language=DFLT;mapping=tex-t
ext;+pnum;+lnum;"
. 
. * 'bold small caps' with NFSS spec.:
. 
. and font adjustment code:
. 
.................................................
.................................................
. fontspec info: "defining-font"
. 
. Font family 'Alegreya(2)' created for font 'Alegreya' with options
. [Ligatures = TeX,Extension = .ttf,Scale = 1,Numbers =
. {Proportional,OldStyle},UprightFont = *-Regular,ItalicFont =
. *-Italic,BoldFont = *-Bold,BoldItalicFont = *-BoldItalic].
. 
. This font family consists of the following shapes:
. 
. * 'normal' with NFSS spec.:
. 
. <->s*[1]"[Alegreya-Regular.ttf]/OT:script=latn;language=DFLT;mapping=tex-text
;+pnum;+onum;"
. 
. * 'small caps' with NFSS spec.:
. 
. and font adjustment code:
. 
. 
. * 'bold' with NFSS spec.:
. 
. <->s*[1]"[Alegreya-Bold.ttf]/OT:script=latn;language=DFLT;mapping=tex-text;+p
num;+onum;"
. 
. * 'bold small caps' with NFSS spec.:
. 
. and font adjustment code:
. 
. 
. * 'italic' with NFSS spec.:
. 
. <->s*[1]"[Alegreya-Italic.ttf]/OT:script=latn;language=DFLT;mapping=tex-text;
+pnum;+onum;"
. 
. * 'small caps' with NFSS spec.:
. 
. and font adjustment code:
. 
. 
. * 'bold italic' with NFSS spec.:
. 
. <->s*[1]"[Alegreya-BoldItalic.ttf]/OT:script=latn;language=DFLT;mapping=tex-t
ext;+pnum;+onum;"
. 
. * 'bold small caps' with NFSS spec.:
. 
. and font adjustment code:
. 
.................................................
.................................................
. fontspec info: "defining-font"
. 
. Font family 'Alegreya(3)' created for font 'Alegreya' with options
. [Ligatures = TeX,Extension = .ttf,Scale = 1,Numbers =
. {Monospaced,OldStyle},UprightFont = *-Regular,ItalicFont = *-Italic,BoldFont
. = *-Bold,BoldItalicFont = *-BoldItalic].
. 
. This font family consists of the following shapes:
. 
. * 'normal' with NFSS spec.:
. 
. <->s*[1]"[Alegreya-Regular.ttf]/OT:script=latn;language=DFLT;mapping=tex-text
;+tnum;+onum;"
. 
. * 'small caps' with NFSS spec.:
. 
. and font adjustment code:
. 
. 
. * 'bold' with NFSS spec.:
. 
. <->s*[1]"[Alegreya-Bold.ttf]/OT:script=latn;language=DFLT;mapping=tex-text;+t
num;+onum;"
. 
. * 'bold small caps' with NFSS spec.:
. 
. and font adjustment code:
. 
. 
. * 'italic' with NFSS spec.:
. 
. <->s*[1]"[Alegreya-Italic.ttf]/OT:script=latn;language=DFLT;mapping=tex-text;
+tnum;+onum;"
. 
. * 'small caps' with NFSS spec.:
. 
. and font adjustment code:
. 
. 
. * 'bold italic' with NFSS spec.:
. 
. <->s*[1]"[Alegreya-BoldItalic.ttf]/OT:script=latn;language=DFLT;mapping=tex-t
ext;+tnum;+onum;"
. 
. * 'bold small caps' with NFSS spec.:
. 
. and font adjustment code:
. 
.................................................
.................................................
. fontspec info: "defining-font"
. 
. Font family 'Alegreya(4)' created for font 'Alegreya' with options
. [Ligatures = TeX,Extension = .ttf,Scale = 1,Numbers = {Proportional,
. OldStyle},UprightFont = *-Regular,ItalicFont = *-Italic,BoldFont =
. *-Bold,BoldItalicFont = *-BoldItalic].
. 
. This font family consists of the following shapes:
. 
. * 'normal' with NFSS spec.:
. 
. <->s*[1]"[Alegreya-Regular.ttf]/OT:script=latn;language=DFLT;mapping=tex-text
;+pnum;+onum;"
. 
. * 'small caps' with NFSS spec.:
. 
. and font adjustment code:
. 
. 
. * 'bold' with NFSS spec.:
. 
. <->s*[1]"[Alegreya-Bold.ttf]/OT:script=latn;language=DFLT;mapping=tex-text;+p
num;+onum;"
. 
. * 'bold small caps' with NFSS spec.:
. 
. and font adjustment code:
. 
. 
. * 'italic' with NFSS spec.:
. 
. <->s*[1]"[Alegreya-Italic.ttf]/OT:script=latn;language=DFLT;mapping=tex-text;
+pnum;+onum;"
. 
. * 'small caps' with NFSS spec.:
. 
. and font adjustment code:
. 
. 
. * 'bold italic' with NFSS spec.:
. 
. <->s*[1]"[Alegreya-BoldItalic.ttf]/OT:script=latn;language=DFLT;mapping=tex-t
ext;+pnum;+onum;"
. 
. * 'bold small caps' with NFSS spec.:
. 
. and font adjustment code:
. 
.................................................
.................................................
. fontspec info: "defining-font"
. 
. Font family 'Alegreya(5)' created for font 'Alegreya' with options
. [Ligatures = TeX,Extension = .ttf,Scale = 1,Numbers =
. {Monospaced,Lining},UprightFont = *-Regular,ItalicFont = *-Italic,BoldFont =
. *-Bold,BoldItalicFont = *-BoldItalic].
. 
. This font family consists of the following shapes:
. 
. * 'normal' with NFSS spec.:
. 
. <->s*[1]"[Alegreya-Regular.ttf]/OT:script=latn;language=DFLT;mapping=tex-text
;+tnum;+lnum;"
. 
. * 'small caps' with NFSS spec.:
. 
. and font adjustment code:
. 
. 
. * 'bold' with NFSS spec.:
. 
. <->s*[1]"[Alegreya-Bold.ttf]/OT:script=latn;language=DFLT;mapping=tex-text;+t
num;+lnum;"
. 
. * 'bold small caps' with NFSS spec.:
. 
. and font adjustment code:
. 
. 
. * 'italic' with NFSS spec.:
. 
. <->s*[1]"[Alegreya-Italic.ttf]/OT:script=latn;language=DFLT;mapping=tex-text;
+tnum;+lnum;"
. 
. * 'small caps' with NFSS spec.:
. 
. and font adjustment code:
. 
. 
. * 'bold italic' with NFSS spec.:
. 
. <->s*[1]"[Alegreya-BoldItalic.ttf]/OT:script=latn;language=DFLT;mapping=tex-t
ext;+tnum;+lnum;"
. 
. * 'bold small caps' with NFSS spec.:
. 
. and font adjustment code:
. 
.................................................
Requested font "[Alegreya-Black.ttf]/OT" at 10.0pt
 -> /usr/local/texlive/2013/texmf-dist/fonts/truetype/huerta/alegreya/Alegreya-
Black.ttf
Requested font "[Alegreya-BlackItalic.ttf]/OT" at 10.0pt
 -> /usr/local/texlive/2013/texmf-dist/fonts/truetype/huerta/alegreya/Alegreya-
BlackItalic.ttf
.................................................
. fontspec info: "defining-font"
. 
. Font family 'Alegreya(6)' created for font 'Alegreya' with options
. [Ligatures = TeX,Extension = .ttf,Scale = 1,Numbers =
. {Proportional,Lining},UprightFont = *-Black,ItalicFont =
. *-BlackItalic,BoldFont = *-Black,BoldItalicFont = *-BlackItalic].
. 
. This font family consists of the following shapes:
. 
. * 'normal' with NFSS spec.:
. 
. <->s*[1]"[Alegreya-Black.ttf]/OT:script=latn;language=DFLT;mapping=tex-text;+
pnum;+lnum;"
. 
. * 'small caps' with NFSS spec.:
. 
. and font adjustment code:
. 
. 
. * 'bold' with NFSS spec.:
. 
. <->s*[1]"[Alegreya-Black.ttf]/OT:script=latn;language=DFLT;mapping=tex-text;+
pnum;+lnum;"
. 
. * 'bold small caps' with NFSS spec.:
. 
. and font adjustment code:
. 
. 
. * 'italic' with NFSS spec.:
. 
. <->s*[1]"[Alegreya-BlackItalic.ttf]/OT:script=latn;language=DFLT;mapping=tex-
text;+pnum;+lnum;"
. 
. * 'small caps' with NFSS spec.:
. 
. and font adjustment code:
. 
. 
. * 'bold italic' with NFSS spec.:
. 
. <->s*[1]"[Alegreya-BlackItalic.ttf]/OT:script=latn;language=DFLT;mapping=tex-
text;+pnum;+lnum;"
. 
. * 'bold small caps' with NFSS spec.:
. 
. and font adjustment code:
. 
.................................................
Requested font "[AlegreyaSC-Regular.ttf]/OT" at 10.0pt
 -> /usr/local/texlive/2013/texmf-dist/fonts/truetype/huerta/alegreya/AlegreyaS
C-Regular.ttf
.................................................
. fontspec info: "no-scripts"
. 
. Font AlegreyaSC-Regular does not contain any OpenType `Script' information.
.................................................
\g__fontspec_family_AlegreyaSC_int=\count324
Requested font "[AlegreyaSC-Bold.ttf]/OT" at 10.0pt
 -> /usr/local/texlive/2013/texmf-dist/fonts/truetype/huerta/alegreya/AlegreyaS
C-Bold.ttf
Requested font "[AlegreyaSC-Italic.ttf]/OT" at 10.0pt
 -> /usr/local/texlive/2013/texmf-dist/fonts/truetype/huerta/alegreya/AlegreyaS
C-Italic.ttf
Requested font "[AlegreyaSC-BoldItalic.ttf]/OT" at 10.0pt
 -> /usr/local/texlive/2013/texmf-dist/fonts/truetype/huerta/alegreya/AlegreyaS
C-BoldItalic.ttf
.................................................
. fontspec info: "defining-font"
. 
. Font family 'AlegreyaSC(0)' created for font 'AlegreyaSC' with options
. [Ligatures = TeX,Extension = .ttf,Scale = 1,UprightFont =
. *-Regular,ItalicFont = *-Italic,BoldFont = *-Bold,BoldItalicFont =
. *-BoldItalic].
. 
. This font family consists of the following shapes:
. 
. * 'normal' with NFSS spec.:
. <->s*[1]"[AlegreyaSC-Regular.ttf]/OT:mapping=tex-text;"
. 
. * 'small caps' with NFSS spec.:
. 
. and font adjustment code:
. 
. 
. * 'bold' with NFSS spec.:
. <->s*[1]"[AlegreyaSC-Bold.ttf]/OT:mapping=tex-text;"
. 
. * 'bold small caps' with NFSS spec.:
. 
. and font adjustment code:
. 
. 
. * 'italic' with NFSS spec.:
. <->s*[1]"[AlegreyaSC-Italic.ttf]/OT:mapping=tex-text;"
. 
. * 'small caps' with NFSS spec.:
. 
. and font adjustment code:
. 
. 
. * 'bold italic' with NFSS spec.:
. <->s*[1]"[AlegreyaSC-BoldItalic.ttf]/OT:mapping=tex-text;"
. 
. * 'bold small caps' with NFSS spec.:
. 
. and font adjustment code:
. 
.................................................
LaTeX Font Info:    Font shape `EU1/Alegreya(1)/m/n' will be
(Font)              scaled to size 10.0pt on input line 215.
Requested font "[Alegreya-Regular.ttf]/OT:script=latn;language=DFLT;mapping=tex
-text;+pnum;+lnum;" at 10.0pt
 -> /usr/local/texlive/2013/texmf-dist/fonts/truetype/huerta/alegreya/Alegreya-
Regular.ttf
LaTeX Info: Redefining \textsu on input line 246.
LaTeX Info: Redefining \textin on input line 247.
)
(/usr/local/texlive/2013/texmf-dist/tex/latex/hyperref/hyperref.sty
Package: hyperref 2012/11/06 v6.83m Hypertext links for LaTeX

(/usr/local/texlive/2013/texmf-dist/tex/generic/oberdiek/hobsub-hyperref.sty
Package: hobsub-hyperref 2012/05/28 v1.13 Bundle oberdiek, subset hyperref (HO)


(/usr/local/texlive/2013/texmf-dist/tex/generic/oberdiek/hobsub-generic.sty
Package: hobsub-generic 2012/05/28 v1.13 Bundle oberdiek, subset generic (HO)
Package: hobsub 2012/05/28 v1.13 Construct package bundles (HO)
Package hobsub Info: Skipping package `infwarerr' (already loaded).
Package hobsub Info: Skipping package `ltxcmds' (already loaded).
Package hobsub Info: Skipping package `ifluatex' (already loaded).
Package: ifvtex 2010/03/01 v1.5 Detect VTeX and its facilities (HO)
Package ifvtex Info: VTeX not detected.
Package: intcalc 2007/09/27 v1.1 Expandable calculations with integers (HO)
Package: ifpdf 2011/01/30 v2.3 Provides the ifpdf switch (HO)
Package ifpdf Info: pdfTeX in PDF mode is not detected.
Package hobsub Info: Skipping package `etexcmds' (already loaded).
Package hobsub Info: Skipping package `kvsetkeys' (already loaded).
Package: kvdefinekeys 2011/04/07 v1.3 Define keys (HO)
Package: pdftexcmds 2011/11/29 v0.20 Utility functions of pdfTeX for LuaTeX (HO
)
Package pdftexcmds Info: LuaTeX not detected.
Package pdftexcmds Info: pdfTeX >= 1.30 not detected.
Package pdftexcmds Info: \pdf@primitive is available.
Package pdftexcmds Info: \pdf@ifprimitive is available.
Package pdftexcmds Info: \pdfdraftmode not found.
Package: pdfescape 2011/11/25 v1.13 Implements pdfTeX's escape features (HO)
Package: bigintcalc 2012/04/08 v1.3 Expandable calculations on big integers (HO
)
Package: bitset 2011/01/30 v1.1 Handle bit-vector datatype (HO)
Package: uniquecounter 2011/01/30 v1.2 Provide unlimited unique counter (HO)
)
Package hobsub Info: Skipping package `hobsub' (already loaded).
Package: letltxmacro 2010/09/02 v1.4 Let assignment for LaTeX macros (HO)
Package: hopatch 2012/05/28 v1.2 Wrapper for package hooks (HO)
Package: xcolor-patch 2011/01/30 xcolor patch
Package: atveryend 2011/06/30 v1.8 Hooks at the very end of document (HO)
Package: atbegshi 2011/10/05 v1.16 At begin shipout hook (HO)
Package: refcount 2011/10/16 v3.4 Data extraction from label references (HO)
Package: hycolor 2011/01/30 v1.7 Color options for hyperref/bookmark (HO)
)
(/usr/local/texlive/2013/texmf-dist/tex/latex/oberdiek/auxhook.sty
Package: auxhook 2011/03/04 v1.3 Hooks for auxiliary files (HO)
)
\@linkdim=\dimen143
\Hy@linkcounter=\count325
\Hy@pagecounter=\count326

(/usr/local/texlive/2013/texmf-dist/tex/latex/hyperref/pd1enc.def
File: pd1enc.def 2012/11/06 v6.83m Hyperref: PDFDocEncoding definition (HO)
)
\Hy@SavedSpaceFactor=\count327

(/usr/local/texlive/2013/texmf-dist/tex/latex/latexconfig/hyperref.cfg
File: hyperref.cfg 2002/06/06 v1.2 hyperref configuration of TeXLive
)
Package hyperref Info: Hyper figures OFF on input line 4443.
Package hyperref Info: Link nesting OFF on input line 4448.
Package hyperref Info: Hyper index ON on input line 4451.
Package hyperref Info: Plain pages OFF on input line 4458.
Package hyperref Info: Backreferencing OFF on input line 4463.
Package hyperref Info: Implicit mode ON; LaTeX internals redefined.
Package hyperref Info: Bookmarks ON on input line 4688.
\c@Hy@tempcnt=\count328
LaTeX Info: Redefining \url on input line 5041.
\XeTeXLinkMargin=\dimen144
Requested font "pzdr" at 0.00002pt
 -> /usr/local/texlive/2013/texmf-dist/fonts/tfm/adobe/zapfding/pzdr.tfm
\Fld@menulength=\count329
\Field@Width=\dimen145
\Fld@charsize=\dimen146
Package hyperref Info: Hyper figures OFF on input line 6295.
Package hyperref Info: Link nesting OFF on input line 6300.
Package hyperref Info: Hyper index ON on input line 6303.
Package hyperref Info: backreferencing OFF on input line 6310.
Package hyperref Info: Link coloring OFF on input line 6315.
Package hyperref Info: Link coloring with OCG OFF on input line 6320.
Package hyperref Info: PDF/A mode OFF on input line 6325.
LaTeX Info: Redefining \ref on input line 6365.
LaTeX Info: Redefining \pageref on input line 6369.
\Hy@abspage=\count330
\c@Item=\count331
\c@Hfootnote=\count332
)

Package hyperref Message: Driver (autodetected): hxetex.

(/usr/local/texlive/2013/texmf-dist/tex/latex/hyperref/hxetex.def
File: hxetex.def 2012/11/06 v6.83m Hyperref driver for XeTeX

(/usr/local/texlive/2013/texmf-dist/tex/latex/hyperref/puenc.def
File: puenc.def 2012/11/06 v6.83m Hyperref: PDF Unicode definition (HO)
)
(/usr/local/texlive/2013/texmf-dist/tex/generic/oberdiek/stringenc.sty
Package: stringenc 2011/12/02 v1.10 Convert strings between diff. encodings (HO
)
)
\pdfm@box=\box43
\c@Hy@AnnotLevel=\count333
\HyField@AnnotCount=\count334
\Fld@listcount=\count335
\c@bookmark@seq@number=\count336

(/usr/local/texlive/2013/texmf-dist/tex/latex/oberdiek/rerunfilecheck.sty
Package: rerunfilecheck 2011/04/15 v1.7 Rerun checks for auxiliary files (HO)
Package rerunfilecheck Info: Feature \pdfmdfivesum is not available
(rerunfilecheck)             (e.g. pdfTeX or LuaTeX with package `pdftexcmds').

(rerunfilecheck)             Therefore file contents cannot be checked efficien
tly
(rerunfilecheck)             and the loading of the package is aborted.
)
\Hy@SectionHShift=\skip72
)
Package biblatex Info: Trying to load language 'american'...
Package biblatex Info: ... file 'american.lbx' found.

(/usr/local/texlive/2013/texmf-dist/tex/latex/biblatex/lbx/american.lbx
File: american.lbx 2014/06/25 v2.9a biblatex localization (PK/JW/AB)
Package biblatex Info: Trying to load language 'english'...
Package biblatex Info: ... file 'english.lbx' found.

(/usr/local/texlive/2013/texmf-dist/tex/latex/biblatex/lbx/english.lbx
File: english.lbx 2014/06/25 v2.9a biblatex localization (PK/JW/AB)
))

Package biblatex Warning: 'babel/polyglossia' detected but 'csquotes' missing.
(biblatex)                Loading 'csquotes' recommended.

\@quotelevel=\count337
\@quotereset=\count338
(./beispiel.aux)
\openout1 = `beispiel.aux'.

LaTeX Font Info:    Checking defaults for OML/cmm/m/it on input line 10.
LaTeX Font Info:    ... okay on input line 10.
LaTeX Font Info:    Checking defaults for T1/cmr/m/n on input line 10.
LaTeX Font Info:    ... okay on input line 10.
LaTeX Font Info:    Checking defaults for OT1/cmr/m/n on input line 10.
LaTeX Font Info:    ... okay on input line 10.
LaTeX Font Info:    Checking defaults for OMS/cmsy/m/n on input line 10.
LaTeX Font Info:    ... okay on input line 10.
LaTeX Font Info:    Checking defaults for OMX/cmex/m/n on input line 10.
LaTeX Font Info:    ... okay on input line 10.
LaTeX Font Info:    Checking defaults for U/cmr/m/n on input line 10.
LaTeX Font Info:    ... okay on input line 10.
LaTeX Font Info:    Checking defaults for EU1/lmr/m/n on input line 10.
LaTeX Font Info:    ... okay on input line 10.
LaTeX Font Info:    Checking defaults for T3/cmr/m/n on input line 10.
LaTeX Font Info:    Try loading font information for T3+cmr on input line 10.
 (/usr/local/texlive/2013/texmf-dist/tex/latex/tipa/t3cmr.fd
File: t3cmr.fd 2001/12/31 TIPA font definitions
)
LaTeX Font Info:    ... okay on input line 10.
LaTeX Font Info:    Checking defaults for TS1/cmr/m/n on input line 10.
LaTeX Font Info:    Try loading font information for TS1+cmr on input line 10.

(/usr/local/texlive/2013/texmf-dist/tex/latex/base/ts1cmr.fd
File: ts1cmr.fd 2014/09/29 v2.5h Standard LaTeX font definitions
)
LaTeX Font Info:    ... okay on input line 10.
LaTeX Font Info:    Checking defaults for PD1/pdf/m/n on input line 10.
LaTeX Font Info:    ... okay on input line 10.
LaTeX Font Info:    Checking defaults for PU/pdf/m/n on input line 10.
LaTeX Font Info:    ... okay on input line 10.
.................................................
. fontspec info: "setup-math"
. 
. Adjusting the maths setup (use [no-math] to avoid this).
.................................................
\symlegacymaths=\mathgroup4
LaTeX Font Info:    Overwriting symbol font `legacymaths' in version `bold'
(Font)                  OT1/cmr/m/n --> OT1/cmr/bx/n on input line 10.
LaTeX Font Info:    Redeclaring math accent \acute on input line 10.
LaTeX Font Info:    Redeclaring math accent \grave on input line 10.
LaTeX Font Info:    Redeclaring math accent \ddot on input line 10.
LaTeX Font Info:    Redeclaring math accent \tilde on input line 10.
LaTeX Font Info:    Redeclaring math accent \bar on input line 10.
LaTeX Font Info:    Redeclaring math accent \breve on input line 10.
LaTeX Font Info:    Redeclaring math accent \check on input line 10.
LaTeX Font Info:    Redeclaring math accent \hat on input line 10.
LaTeX Font Info:    Redeclaring math accent \dot on input line 10.
LaTeX Font Info:    Redeclaring math accent \mathring on input line 10.
LaTeX Font Info:    Redeclaring math symbol \colon on input line 10.
LaTeX Font Info:    Redeclaring math symbol \Gamma on input line 10.
LaTeX Font Info:    Redeclaring math symbol \Delta on input line 10.
LaTeX Font Info:    Redeclaring math symbol \Theta on input line 10.
LaTeX Font Info:    Redeclaring math symbol \Lambda on input line 10.
LaTeX Font Info:    Redeclaring math symbol \Xi on input line 10.
LaTeX Font Info:    Redeclaring math symbol \Pi on input line 10.
LaTeX Font Info:    Redeclaring math symbol \Sigma on input line 10.
LaTeX Font Info:    Redeclaring math symbol \Upsilon on input line 10.
LaTeX Font Info:    Redeclaring math symbol \Phi on input line 10.
LaTeX Font Info:    Redeclaring math symbol \Psi on input line 10.
LaTeX Font Info:    Redeclaring math symbol \Omega on input line 10.
LaTeX Font Info:    Redeclaring math symbol \mathdollar on input line 10.
LaTeX Font Info:    Redeclaring symbol font `operators' on input line 10.
LaTeX Font Info:    Encoding `OT1' has changed to `EU1' for symbol font
(Font)              `operators' in the math version `normal' on input line 10.
LaTeX Font Info:    Overwriting symbol font `operators' in version `normal'
(Font)                  OT1/cmr/m/n --> EU1/Alegreya(0)/m/n on input line 10.
LaTeX Font Info:    Encoding `OT1' has changed to `EU1' for symbol font
(Font)              `operators' in the math version `bold' on input line 10.
LaTeX Font Info:    Overwriting symbol font `operators' in version `bold'
(Font)                  OT1/cmr/bx/n --> EU1/Alegreya(0)/m/n on input line 10.
LaTeX Font Info:    Overwriting symbol font `operators' in version `normal'
(Font)                  EU1/Alegreya(0)/m/n --> EU1/Alegreya(0)/m/n on input li
ne 10.
LaTeX Font Info:    Overwriting math alphabet `\mathit' in version `normal'
(Font)                  OT1/cmr/m/it --> EU1/Alegreya(0)/m/it on input line 10.

LaTeX Font Info:    Overwriting math alphabet `\mathbf' in version `normal'
(Font)                  OT1/cmr/bx/n --> EU1/Alegreya(0)/bx/n on input line 10.

LaTeX Font Info:    Overwriting math alphabet `\mathsf' in version `normal'
(Font)                  OT1/cmss/m/n --> EU1/AlegreyaSans(0)/m/n on input line 
10.
LaTeX Font Info:    Overwriting math alphabet `\mathtt' in version `normal'
(Font)                  OT1/cmtt/m/n --> EU1/lmtt/m/n on input line 10.
LaTeX Font Info:    Overwriting symbol font `operators' in version `bold'
(Font)                  EU1/Alegreya(0)/m/n --> EU1/Alegreya(0)/bx/n on input l
ine 10.
LaTeX Font Info:    Overwriting math alphabet `\mathit' in version `bold'
(Font)                  OT1/cmr/bx/it --> EU1/Alegreya(0)/bx/it on input line 1
0.
LaTeX Font Info:    Overwriting math alphabet `\mathsf' in version `bold'
(Font)                  OT1/cmss/bx/n --> EU1/AlegreyaSans(0)/bx/n on input lin
e 10.
LaTeX Font Info:    Overwriting math alphabet `\mathtt' in version `bold'
(Font)                  OT1/cmtt/m/n --> EU1/lmtt/bx/n on input line 10.
Package biblatex Info: XeTeX detected.
(biblatex)             Assuming input encoding 'utf8'.
Package biblatex Info: Automatic encoding selection.
(biblatex)             Assuming data encoding 'utf8'.
\openout3 = `beispiel.bcf'.

Package biblatex Info: Trying to load bibliographic data...
Package biblatex Info: ... file 'beispiel.bbl' found.
 (./beispiel.bbl)
Package biblatex Info: Reference section=0 on input line 10.
Package biblatex Info: Reference segment=0 on input line 10.
Package scrbase Info: activating american \yourrefname on input line 10.
Package scrbase Info: activating american \yourmailname on input line 10.
Package scrbase Info: activating american \myrefname on input line 10.
Package scrbase Info: activating american \customername on input line 10.
Package scrbase Info: activating american \invoicename on input line 10.
Package scrbase Info: activating american \subjectname on input line 10.
Package scrbase Info: activating american \ccname on input line 10.
Package scrbase Info: activating american \enclname on input line 10.
Package scrbase Info: activating american \headtoname on input line 10.
Package scrbase Info: activating american \headfromname on input line 10.
Package scrbase Info: activating american \datename on input line 10.
Package scrbase Info: activating american \pagename on input line 10.
Package scrbase Info: activating american \phonename on input line 10.
Package scrbase Info: activating american \mobilephonename on input line 10.
Package scrbase Info: activating american \faxname on input line 10.
Package scrbase Info: activating american \emailname on input line 10.
Package scrbase Info: activating american \wwwname on input line 10.
Package scrbase Info: activating american \bankname on input line 10.
Package scrletter Info: no date found for language `australien'
(scrletter)             --> skipped on input line 10.
Package scrletter Info: no date found for language `british'
(scrletter)             --> skipped on input line 10.
Package scrletter Info: no date found for language `canadian'
(scrletter)             --> skipped on input line 10.
Package scrletter Info: no date found for language `newzealand'
(scrletter)             --> skipped on input line 10.
Package scrletter Info: no date found for language `USenglish'
(scrletter)             --> skipped on input line 10.
Package scrletter Info: no date found for language `UKenglish'
(scrletter)             --> skipped on input line 10.
Package scrletter Info: no date found for language `german'
(scrletter)             --> skipped on input line 10.
Package scrletter Info: no date found for language `ngerman'
(scrletter)             --> skipped on input line 10.
Package scrletter Info: no date found for language `austrian'
(scrletter)             --> skipped on input line 10.
Package scrletter Info: no date found for language `naustrian'
(scrletter)             --> skipped on input line 10.
Package scrletter Info: no date found for language `swissgerman'
(scrletter)             --> skipped on input line 10.
Package scrletter Info: no date found for language `nswissgerman'
(scrletter)             --> skipped on input line 10.
Package scrletter Info: no date found for language `acadian'
(scrletter)             --> skipped on input line 10.
Package scrletter Info: no date found for language `canadien'
(scrletter)             --> skipped on input line 10.
Package scrletter Info: no date found for language `francais'
(scrletter)             --> skipped on input line 10.
Package scrletter Info: no date found for language `french'
(scrletter)             --> skipped on input line 10.
Package scrletter Info: no date found for language `italian'
(scrletter)             --> skipped on input line 10.
Package scrletter Info: no date found for language `spanish'
(scrletter)             --> skipped on input line 10.
Package scrletter Info: no date found for language `croatian'
(scrletter)             --> skipped on input line 10.
Package scrletter Info: no date found for language `dutch'
(scrletter)             --> skipped on input line 10.
Package scrletter Info: no date found for language `finnish'
(scrletter)             --> skipped on input line 10.
Package scrletter Info: no date found for language `norsk'
(scrletter)             --> skipped on input line 10.
Package scrletter Info: no date found for language `swedish'
(scrletter)             --> skipped on input line 10.
Package scrletter Info: no date found for language `polish'
(scrletter)             --> skipped on input line 10.
Package scrletter Info: no date found for language `czech'
(scrletter)             --> skipped on input line 10.
Package scrletter Info: no date found for language `slovak'
(scrletter)             --> skipped on input line 10.
Package scrletter Info: trying to activate captions and date
(scrletter)             of language `american' on input line 10.
Package scrletter Info: used language is `american'.
(scrletter)             Supported languages are: `english', `UKenglish',
(scrletter)             `british', `american', `USenglish', `australian`,
(scrletter)             `canadian', `newzealand',
(scrletter)             `german', `ngerman', `austrian', `naustrian',
(scrletter)             `swissgerman', `nswissgermsn',
(scrletter)             `acadian', `canadien', `francais', `french', 
(scrletter)             `dutch', `italian', `spanish', `polish',
(scrletter)             `croatian', `finnish', `norsk', `swedish',
(scrletter)             `czech'. `slovak'  on input line 10.
Package scrbase Info: activating american \cvrefname on input line 10.
\AtBeginShipoutBox=\box44
Package hyperref Info: Link coloring OFF on input line 10.

(/usr/local/texlive/2013/texmf-dist/tex/latex/hyperref/nameref.sty
Package: nameref 2012/10/27 v2.43 Cross-referencing by name of section

(/usr/local/texlive/2013/texmf-dist/tex/generic/oberdiek/gettitlestring.sty
Package: gettitlestring 2010/12/03 v1.4 Cleanup title references (HO)
)
\c@section@level=\count339
)
LaTeX Info: Redefining \ref on input line 10.
LaTeX Info: Redefining \pageref on input line 10.
LaTeX Info: Redefining \nameref on input line 10.

(./beispiel.out) (./beispiel.out)
\@outlinefile=\write4
\openout4 = `beispiel.out'.

LaTeX Font Info:    Font shape `EU1/Alegreya(0)/m/n' will be
(Font)              scaled to size 24.88pt on input line 15.
Requested font "[Alegreya-Regular.ttf]/OT:script=latn;language=DFLT;mapping=tex
-text;mapping=tex-text;+pnum;+lnum;" at 24.88pt
 -> /usr/local/texlive/2013/texmf-dist/fonts/truetype/huerta/alegreya/Alegreya-
Regular.ttf
LaTeX Font Info:    Font shape `EU1/AlegreyaSans(1)/m/n' will be
(Font)              scaled to size 24.88pt on input line 15.
Requested font "[AlegreyaSans-Regular.ttf]/OT:script=latn;language=DFLT;mapping
=tex-text;+pnum;+lnum;" at 24.88pt
 -> /usr/local/texlive/2013/texmf-dist/fonts/truetype/huerta/alegreya/AlegreyaS
ans-Regular.ttf

(/usr/local/texlive/2013/texmf-dist/tex/generic/oberdiek/se-ascii-print.def
File: se-ascii-print.def 2011/12/02 v1.10 stringenc: Printable ASCII characters

)
[1

]
Foldmarks: yes
Head of first page
Foot of first page
Address (backaddress, addressee)
LaTeX Font Info:    Font shape `EU1/Alegreya(0)/m/n' will be
(Font)              scaled to size 8.0pt on input line 21.
Requested font "[Alegreya-Regular.ttf]/OT:script=latn;language=DFLT;mapping=tex
-text;mapping=tex-text;+pnum;+lnum;" at 8.0pt
 -> /usr/local/texlive/2013/texmf-dist/fonts/truetype/huerta/alegreya/Alegreya-
Regular.ttf
LaTeX Font Info:    Font shape `EU1/Alegreya(0)/m/n' will be
(Font)              scaled to size 6.0pt on input line 21.
Requested font "[Alegreya-Regular.ttf]/OT:script=latn;language=DFLT;mapping=tex
-text;mapping=tex-text;+pnum;+lnum;" at 6.0pt
 -> /usr/local/texlive/2013/texmf-dist/fonts/truetype/huerta/alegreya/Alegreya-
Regular.ttf
Requested font "cmmi10" at 10.95pt
 -> /usr/local/texlive/2013/texmf-dist/fonts/tfm/public/cm/cmmi10.tfm
Requested font "cmmi8" at 8.0pt
 -> /usr/local/texlive/2013/texmf-dist/fonts/tfm/public/cm/cmmi8.tfm
Requested font "cmmi6" at 6.0pt
 -> /usr/local/texlive/2013/texmf-dist/fonts/tfm/public/cm/cmmi6.tfm
Requested font "cmsy10" at 10.95pt
 -> /usr/local/texlive/2013/texmf-dist/fonts/tfm/public/cm/cmsy10.tfm
Requested font "cmsy8" at 8.0pt
 -> /usr/local/texlive/2013/texmf-dist/fonts/tfm/public/cm/cmsy8.tfm
Requested font "cmsy6" at 6.0pt
 -> /usr/local/texlive/2013/texmf-dist/fonts/tfm/public/cm/cmsy6.tfm
LaTeX Font Info:    External font `cmex10' loaded for size
(Font)              <10.95> on input line 21.
LaTeX Font Info:    External font `cmex10' loaded for size
(Font)              <8> on input line 21.
LaTeX Font Info:    External font `cmex10' loaded for size
(Font)              <6> on input line 21.
Requested font "cmr8" at 8.0pt
 -> /usr/local/texlive/2013/texmf-dist/fonts/tfm/public/cm/cmr8.tfm
Requested font "cmr6" at 6.0pt
 -> /usr/local/texlive/2013/texmf-dist/fonts/tfm/public/cm/cmr6.tfm
LaTeX Font Info:    Font shape `EU1/AlegreyaSans(1)/m/n' will be
(Font)              scaled to size 8.0pt on input line 21.
Requested font "[AlegreyaSans-Regular.ttf]/OT:script=latn;language=DFLT;mapping
=tex-text;+pnum;+lnum;" at 8.0pt
 -> /usr/local/texlive/2013/texmf-dist/fonts/truetype/huerta/alegreya/AlegreyaS
ans-Regular.ttf
Location field: empty
Title: yes
LaTeX Font Info:    Font shape `EU1/Alegreya(0)/m/n' will be
(Font)              scaled to size 17.28pt on input line 21.
Requested font "[Alegreya-Regular.ttf]/OT:script=latn;language=DFLT;mapping=tex
-text;mapping=tex-text;+pnum;+lnum;" at 17.28pt
 -> /usr/local/texlive/2013/texmf-dist/fonts/truetype/huerta/alegreya/Alegreya-
Regular.ttf
LaTeX Font Info:    Font shape `EU1/Alegreya(0)/m/n' will be
(Font)              scaled to size 12.0pt on input line 21.
Requested font "[Alegreya-Regular.ttf]/OT:script=latn;language=DFLT;mapping=tex
-text;mapping=tex-text;+pnum;+lnum;" at 12.0pt
 -> /usr/local/texlive/2013/texmf-dist/fonts/truetype/huerta/alegreya/Alegreya-
Regular.ttf
LaTeX Font Info:    Font shape `EU1/Alegreya(0)/bx/n' will be
(Font)              scaled to size 12.0pt on input line 21.
Requested font "[Alegreya-Bold.ttf]/OT:script=latn;language=DFLT;mapping=tex-te
xt;mapping=tex-text;+pnum;+lnum;" at 12.0pt
 -> /usr/local/texlive/2013/texmf-dist/fonts/truetype/huerta/alegreya/Alegreya-
Bold.ttf
Subject: before opening
[1]
LaTeX Font Info:    Font shape `EU1/Alegreya(0)/m/n' will be
(Font)              scaled to size 20.74pt on input line 40.
Requested font "[Alegreya-Regular.ttf]/OT:script=latn;language=DFLT;mapping=tex
-text;mapping=tex-text;+pnum;+lnum;" at 20.74pt
 -> /usr/local/texlive/2013/texmf-dist/fonts/truetype/huerta/alegreya/Alegreya-
Regular.ttf
LaTeX Font Info:    Font shape `EU1/AlegreyaSans(1)/m/n' will be
(Font)              scaled to size 20.74pt on input line 40.
Requested font "[AlegreyaSans-Regular.ttf]/OT:script=latn;language=DFLT;mapping
=tex-text;+pnum;+lnum;" at 20.74pt
 -> /usr/local/texlive/2013/texmf-dist/fonts/truetype/huerta/alegreya/AlegreyaS
ans-Regular.ttf
Requested font "FontAwesome/OT:" at 10.95pt
 -> /usr/local/texlive/2013/texmf-dist/fonts/opentype/public/fontawesome/FontAw
esome.otfh
LaTeX Font Info:    Font shape `EU1/AlegreyaSans(1)/m/n' will be
(Font)              scaled to size 10.95pt on input line 41.
Requested font "[AlegreyaSans-Regular.ttf]/OT:script=latn;language=DFLT;mapping
=tex-text;+pnum;+lnum;" at 10.95pt
 -> /usr/local/texlive/2013/texmf-dist/fonts/truetype/huerta/alegreya/AlegreyaS
ans-Regular.ttf
LaTeX Font Info:    Font shape `EU1/AlegreyaSans(1)/bx/n' will be
(Font)              scaled to size 10.95pt on input line 41.
Requested font "[AlegreyaSans-Bold.ttf]/OT:script=latn;language=DFLT;mapping=te
x-text;+pnum;+lnum;" at 10.95pt
 -> /usr/local/texlive/2013/texmf-dist/fonts/truetype/huerta/alegreya/AlegreyaS
ans-Bold.ttf
LaTeX Font Info:    Font shape `EU1/Alegreya(0)/m/n' will be
(Font)              scaled to size 14.4pt on input line 41.
Requested font "[Alegreya-Regular.ttf]/OT:script=latn;language=DFLT;mapping=tex
-text;mapping=tex-text;+pnum;+lnum;" at 14.4pt
 -> /usr/local/texlive/2013/texmf-dist/fonts/truetype/huerta/alegreya/Alegreya-
Regular.ttf


Package hyperref Warning: bookmark level for unknown cvsec defaults to 0.

LaTeX Font Info:    Font shape `EU1/Alegreya(0)/m/it' will be
(Font)              scaled to size 10.95pt on input line 43.
Requested font "[Alegreya-Italic.ttf]/OT:script=latn;language=DFLT;mapping=tex-
text;mapping=tex-text;+pnum;+lnum;" at 10.95pt
 -> /usr/local/texlive/2013/texmf-dist/fonts/truetype/huerta/alegreya/Alegreya-
Italic.ttf
LaTeX Font Info:    Try loading font information for EU1+lmtt on input line 58.

(/usr/local/texlive/2013/texmf-dist/tex/latex/euenc/eu1lmtt.fd
File: eu1lmtt.fd 2009/10/30 v1.6 Font defs for Latin Modern
)
Requested font "[lmmono10-regular]" at 10.95pt
 -> /usr/local/texlive/2013/texmf-dist/fonts/opentype/public/lm/lmmono10-regula
r.otf
LaTeX Font Info:    Font shape `EU1/Alegreya(0)/m/sl' in size <10.95> not avail
able
(Font)              Font shape `EU1/Alegreya(0)/m/it' tried instead on input li
ne 72.
LaTeX Font Info:    Font shape `EU1/Alegreya(0)/m/it' will be
(Font)              scaled to size 10.95pt on input line 72.
 [2

] [3]
Package atveryend Info: Empty hook `BeforeClearDocument' on input line 74.
Package atveryend Info: Empty hook `AfterLastShipout' on input line 74.

(./beispiel.aux)
Package atveryend Info: Empty hook `AtVeryEndDocument' on input line 74.
Package atveryend Info: Empty hook `AtEndAfterFileList' on input line 74.
Package logreq Info: Writing requests to 'beispiel.run.xml'.
\openout1 = `beispiel.run.xml'.

 ) 
Here is how much of TeX's memory you used:
 32928 strings out of 493724
 649434 string characters out of 6145899
 1106955 words of memory out of 5000000
 35907 multiletter control sequences out of 15000+600000
 7179 words of font info for 79 fonts, out of 8000000 for 9000
 1328 hyphenation exceptions out of 8191
 65i,19n,74p,10417b,1501s stack positions out of 5000i,500n,10000p,200000b,80000s

Output written on beispiel.pdf (4 pages).
